This is pdfTeX, Version 3.141592653-2.6-1.40.22 (TeX Live 2021) (preloaded format=pdflatex 2021.6.8)  9 SEP 2021 09:53
entering extended mode
 restricted \write18 enabled.
 file:line:error style messages enabled.
 %&-line parsing enabled.
**PRL-causality.tex
(./PRL-causality.tex
LaTeX2e <2020-10-01> patch level 4
L3 programming layer <2021-02-18> (/usr/local/texlive/2021/texmf-dist/tex/latex/beamer/beamer.cls
Document Class: beamer 2021/03/19 v3.62 A class for typesetting presentations
(/usr/local/texlive/2021/texmf-dist/tex/latex/beamer/beamerbasemodes.sty (/usr/local/texlive/2021/texmf-dist/tex/latex/etoolbox/etoolbox.sty
Package: etoolbox 2020/10/05 v2.5k e-TeX tools for LaTeX (JAW)
\etb@tempcnta=\count179
)
\beamer@tempbox=\box47
\beamer@tempcount=\count180
\c@beamerpauses=\count181
 (/usr/local/texlive/2021/texmf-dist/tex/latex/beamer/beamerbasedecode.sty
\beamer@slideinframe=\count182
\beamer@minimum=\count183
\beamer@decode@box=\box48
)
\beamer@commentbox=\box49
\beamer@modecount=\count184
) (/usr/local/texlive/2021/texmf-dist/tex/generic/iftex/ifpdf.sty
Package: ifpdf 2019/10/25 v3.4 ifpdf legacy package. Use iftex instead.
 (/usr/local/texlive/2021/texmf-dist/tex/generic/iftex/iftex.sty
Package: iftex 2020/03/06 v1.0d TeX engine tests
))
\headdp=\dimen138
\footheight=\dimen139
\sidebarheight=\dimen140
\beamer@tempdim=\dimen141
\beamer@finalheight=\dimen142
\beamer@animht=\dimen143
\beamer@animdp=\dimen144
\beamer@animwd=\dimen145
\beamer@leftmargin=\dimen146
\beamer@rightmargin=\dimen147
\beamer@leftsidebar=\dimen148
\beamer@rightsidebar=\dimen149
\beamer@boxsize=\dimen150
\beamer@vboxoffset=\dimen151
\beamer@descdefault=\dimen152
\beamer@descriptionwidth=\dimen153
\beamer@lastskip=\skip47
\beamer@areabox=\box50
\beamer@animcurrent=\box51
\beamer@animshowbox=\box52
\beamer@sectionbox=\box53
\beamer@logobox=\box54
\beamer@linebox=\box55
\beamer@sectioncount=\count185
\beamer@subsubsectionmax=\count186
\beamer@subsectionmax=\count187
\beamer@sectionmax=\count188
\beamer@totalheads=\count189
\beamer@headcounter=\count190
\beamer@partstartpage=\count191
\beamer@sectionstartpage=\count192
\beamer@subsectionstartpage=\count193
\beamer@animationtempa=\count194
\beamer@animationtempb=\count195
\beamer@xpos=\count196
\beamer@ypos=\count197
\beamer@ypos@offset=\count198
\beamer@showpartnumber=\count199
\beamer@currentsubsection=\count266
\beamer@coveringdepth=\count267
\beamer@sectionadjust=\count268
\beamer@tocsectionnumber=\count269
 (/usr/local/texlive/2021/texmf-dist/tex/latex/beamer/beamerbaseoptions.sty (/usr/local/texlive/2021/texmf-dist/tex/latex/graphics/keyval.sty
Package: keyval 2014/10/28 v1.15 key=value parser (DPC)
\KV@toks@=\toks15
))
\beamer@paperwidth=\skip48
\beamer@paperheight=\skip49
 (/usr/local/texlive/2021/texmf-dist/tex/latex/geometry/geometry.sty
Package: geometry 2020/01/02 v5.9 Page Geometry
 (/usr/local/texlive/2021/texmf-dist/tex/generic/iftex/ifvtex.sty
Package: ifvtex 2019/10/25 v1.7 ifvtex legacy package. Use iftex instead.
)
\Gm@cnth=\count270
\Gm@cntv=\count271
\c@Gm@tempcnt=\count272
\Gm@bindingoffset=\dimen154
\Gm@wd@mp=\dimen155
\Gm@odd@mp=\dimen156
\Gm@even@mp=\dimen157
\Gm@layoutwidth=\dimen158
\Gm@layoutheight=\dimen159
\Gm@layouthoffset=\dimen160
\Gm@layoutvoffset=\dimen161
\Gm@dimlist=\toks16
) (/usr/local/texlive/2021/texmf-dist/tex/latex/base/size11.clo
File: size11.clo 2020/04/10 v1.4m Standard LaTeX file (size option)
) (/usr/local/texlive/2021/texmf-dist/tex/latex/pgf/basiclayer/pgfcore.sty (/usr/local/texlive/2021/texmf-dist/tex/latex/graphics/graphicx.sty
Package: graphicx 2020/09/09 v1.2b Enhanced LaTeX Graphics (DPC,SPQR)
 (/usr/local/texlive/2021/texmf-dist/tex/latex/graphics/graphics.sty
Package: graphics 2020/08/30 v1.4c Standard LaTeX Graphics (DPC,SPQR)
 (/usr/local/texlive/2021/texmf-dist/tex/latex/graphics/trig.sty
Package: trig 2016/01/03 v1.10 sin cos tan (DPC)
) (/usr/local/texlive/2021/texmf-dist/tex/latex/graphics-cfg/graphics.cfg
File: graphics.cfg 2016/06/04 v1.11 sample graphics configuration
)
Package graphics Info: Driver file: pdftex.def on input line 105.
 (/usr/local/texlive/2021/texmf-dist/tex/latex/graphics-def/pdftex.def
File: pdftex.def 2020/10/05 v1.2a Graphics/color driver for pdftex
))
\Gin@req@height=\dimen162
\Gin@req@width=\dimen163
) (/usr/local/texlive/2021/texmf-dist/tex/latex/pgf/systemlayer/pgfsys.sty (/usr/local/texlive/2021/texmf-dist/tex/latex/pgf/utilities/pgfrcs.sty (/usr/local/texlive/2021/texmf-dist/tex/generic/pgf/utilities/pgfutil-common.tex
\pgfutil@everybye=\toks17
\pgfutil@tempdima=\dimen164
\pgfutil@tempdimb=\dimen165
 (/usr/local/texlive/2021/texmf-dist/tex/generic/pgf/utilities/pgfutil-common-lists.tex)) (/usr/local/texlive/2021/texmf-dist/tex/generic/pgf/utilities/pgfutil-latex.def
\pgfutil@abb=\box56
) (/usr/local/texlive/2021/texmf-dist/tex/generic/pgf/utilities/pgfrcs.code.tex (/usr/local/texlive/2021/texmf-dist/tex/generic/pgf/pgf.revision.tex)
Package: pgfrcs 2020/12/27 v3.1.8b (3.1.8b)
)) (/usr/local/texlive/2021/texmf-dist/tex/generic/pgf/systemlayer/pgfsys.code.tex
Package: pgfsys 2020/12/27 v3.1.8b (3.1.8b)
 (/usr/local/texlive/2021/texmf-dist/tex/generic/pgf/utilities/pgfkeys.code.tex
\pgfkeys@pathtoks=\toks18
\pgfkeys@temptoks=\toks19
 (/usr/local/texlive/2021/texmf-dist/tex/generic/pgf/utilities/pgfkeysfiltered.code.tex
\pgfkeys@tmptoks=\toks20
))
\pgf@x=\dimen166
\pgf@y=\dimen167
\pgf@xa=\dimen168
\pgf@ya=\dimen169
\pgf@xb=\dimen170
\pgf@yb=\dimen171
\pgf@xc=\dimen172
\pgf@yc=\dimen173
\pgf@xd=\dimen174
\pgf@yd=\dimen175
\w@pgf@writea=\write3
\r@pgf@reada=\read2
\c@pgf@counta=\count273
\c@pgf@countb=\count274
\c@pgf@countc=\count275
\c@pgf@countd=\count276
\t@pgf@toka=\toks21
\t@pgf@tokb=\toks22
\t@pgf@tokc=\toks23
\pgf@sys@id@count=\count277
 (/usr/local/texlive/2021/texmf-dist/tex/generic/pgf/systemlayer/pgf.cfg
File: pgf.cfg 2020/12/27 v3.1.8b (3.1.8b)
)
Driver file for pgf: pgfsys-pdftex.def

(/usr/local/texlive/2021/texmf-dist/tex/generic/pgf/systemlayer/pgfsys-pdftex.def
File: pgfsys-pdftex.def 2020/12/27 v3.1.8b (3.1.8b)
 (/usr/local/texlive/2021/texmf-dist/tex/generic/pgf/systemlayer/pgfsys-common-pdf.def
File: pgfsys-common-pdf.def 2020/12/27 v3.1.8b (3.1.8b)
))) (/usr/local/texlive/2021/texmf-dist/tex/generic/pgf/systemlayer/pgfsyssoftpath.code.tex
File: pgfsyssoftpath.code.tex 2020/12/27 v3.1.8b (3.1.8b)
\pgfsyssoftpath@smallbuffer@items=\count278
\pgfsyssoftpath@bigbuffer@items=\count279
) (/usr/local/texlive/2021/texmf-dist/tex/generic/pgf/systemlayer/pgfsysprotocol.code.tex
File: pgfsysprotocol.code.tex 2020/12/27 v3.1.8b (3.1.8b)
)) (/usr/local/texlive/2021/texmf-dist/tex/latex/xcolor/xcolor.sty
Package: xcolor 2016/05/11 v2.12 LaTeX color extensions (UK)
 (/usr/local/texlive/2021/texmf-dist/tex/latex/graphics-cfg/color.cfg
File: color.cfg 2016/01/02 v1.6 sample color configuration
)
Package xcolor Info: Driver file: pdftex.def on input line 225.
Package xcolor Info: Model `cmy' substituted by `cmy0' on input line 1348.
Package xcolor Info: Model `hsb' substituted by `rgb' on input line 1352.
Package xcolor Info: Model `RGB' extended on input line 1364.
Package xcolor Info: Model `HTML' substituted by `rgb' on input line 1366.
Package xcolor Info: Model `Hsb' substituted by `hsb' on input line 1367.
Package xcolor Info: Model `tHsb' substituted by `hsb' on input line 1368.
Package xcolor Info: Model `HSB' substituted by `hsb' on input line 1369.
Package xcolor Info: Model `Gray' substituted by `gray' on input line 1370.
Package xcolor Info: Model `wave' substituted by `hsb' on input line 1371.
) (/usr/local/texlive/2021/texmf-dist/tex/generic/pgf/basiclayer/pgfcore.code.tex
Package: pgfcore 2020/12/27 v3.1.8b (3.1.8b)
 (/usr/local/texlive/2021/texmf-dist/tex/generic/pgf/math/pgfmath.code.tex (/usr/local/texlive/2021/texmf-dist/tex/generic/pgf/math/pgfmathcalc.code.tex (/usr/local/texlive/2021/texmf-dist/tex/generic/pgf/math/pgfmathutil.code.tex) (/usr/local/texlive/2021/texmf-dist/tex/generic/pgf/math/pgfmathparser.code.tex
\pgfmath@dimen=\dimen176
\pgfmath@count=\count280
\pgfmath@box=\box57
\pgfmath@toks=\toks24
\pgfmath@stack@operand=\toks25
\pgfmath@stack@operation=\toks26
) (/usr/local/texlive/2021/texmf-dist/tex/generic/pgf/math/pgfmathfunctions.code.tex (/usr/local/texlive/2021/texmf-dist/tex/generic/pgf/math/pgfmathfunctions.basic.code.tex) (/usr/local/texlive/2021/texmf-dist/tex/generic/pgf/math/pgfmathfunctions.trigonometric.code.tex) (/usr/local/texlive/2021/texmf-dist/tex/generic/pgf/math/pgfmathfunctions.random.code.tex) (/usr/local/texlive/2021/texmf-dist/tex/generic/pgf/math/pgfmathfunctions.comparison.code.tex) (/usr/local/texlive/2021/texmf-dist/tex/generic/pgf/math/pgfmathfunctions.base.code.tex) (/usr/local/texlive/2021/texmf-dist/tex/generic/pgf/math/pgfmathfunctions.round.code.tex) (/usr/local/texlive/2021/texmf-dist/tex/generic/pgf/math/pgfmathfunctions.misc.code.tex) (/usr/local/texlive/2021/texmf-dist/tex/generic/pgf/math/pgfmathfunctions.integerarithmetics.code.tex))) (/usr/local/texlive/2021/texmf-dist/tex/generic/pgf/math/pgfmathfloat.code.tex
\c@pgfmathroundto@lastzeros=\count281
)) (/usr/local/texlive/2021/texmf-dist/tex/generic/pgf/math/pgfint.code.tex) (/usr/local/texlive/2021/texmf-dist/tex/generic/pgf/basiclayer/pgfcorepoints.code.tex
File: pgfcorepoints.code.tex 2020/12/27 v3.1.8b (3.1.8b)
\pgf@picminx=\dimen177
\pgf@picmaxx=\dimen178
\pgf@picminy=\dimen179
\pgf@picmaxy=\dimen180
\pgf@pathminx=\dimen181
\pgf@pathmaxx=\dimen182
\pgf@pathminy=\dimen183
\pgf@pathmaxy=\dimen184
\pgf@xx=\dimen185
\pgf@xy=\dimen186
\pgf@yx=\dimen187
\pgf@yy=\dimen188
\pgf@zx=\dimen189
\pgf@zy=\dimen190
) (/usr/local/texlive/2021/texmf-dist/tex/generic/pgf/basiclayer/pgfcorepathconstruct.code.tex
File: pgfcorepathconstruct.code.tex 2020/12/27 v3.1.8b (3.1.8b)
\pgf@path@lastx=\dimen191
\pgf@path@lasty=\dimen192
)
(/usr/local/texlive/2021/texmf-dist/tex/generic/pgf/basiclayer/pgfcorepathusage.code.tex
File: pgfcorepathusage.code.tex 2020/12/27 v3.1.8b (3.1.8b)
\pgf@shorten@end@additional=\dimen193
\pgf@shorten@start@additional=\dimen194
) (/usr/local/texlive/2021/texmf-dist/tex/generic/pgf/basiclayer/pgfcorescopes.code.tex
File: pgfcorescopes.code.tex 2020/12/27 v3.1.8b (3.1.8b)
\pgfpic=\box58
\pgf@hbox=\box59
\pgf@layerbox@main=\box60
\pgf@picture@serial@count=\count282
) (/usr/local/texlive/2021/texmf-dist/tex/generic/pgf/basiclayer/pgfcoregraphicstate.code.tex
File: pgfcoregraphicstate.code.tex 2020/12/27 v3.1.8b (3.1.8b)
\pgflinewidth=\dimen195
) (/usr/local/texlive/2021/texmf-dist/tex/generic/pgf/basiclayer/pgfcoretransformations.code.tex
File: pgfcoretransformations.code.tex 2020/12/27 v3.1.8b (3.1.8b)
\pgf@pt@x=\dimen196
\pgf@pt@y=\dimen197
\pgf@pt@temp=\dimen198
) (/usr/local/texlive/2021/texmf-dist/tex/generic/pgf/basiclayer/pgfcorequick.code.tex
File: pgfcorequick.code.tex 2020/12/27 v3.1.8b (3.1.8b)
) (/usr/local/texlive/2021/texmf-dist/tex/generic/pgf/basiclayer/pgfcoreobjects.code.tex
File: pgfcoreobjects.code.tex 2020/12/27 v3.1.8b (3.1.8b)
) (/usr/local/texlive/2021/texmf-dist/tex/generic/pgf/basiclayer/pgfcorepathprocessing.code.tex
File: pgfcorepathprocessing.code.tex 2020/12/27 v3.1.8b (3.1.8b)
) (/usr/local/texlive/2021/texmf-dist/tex/generic/pgf/basiclayer/pgfcorearrows.code.tex
File: pgfcorearrows.code.tex 2020/12/27 v3.1.8b (3.1.8b)
\pgfarrowsep=\dimen199
) (/usr/local/texlive/2021/texmf-dist/tex/generic/pgf/basiclayer/pgfcoreshade.code.tex
File: pgfcoreshade.code.tex 2020/12/27 v3.1.8b (3.1.8b)
\pgf@max=\dimen256
\pgf@sys@shading@range@num=\count283
\pgf@shadingcount=\count284
) (/usr/local/texlive/2021/texmf-dist/tex/generic/pgf/basiclayer/pgfcoreimage.code.tex
File: pgfcoreimage.code.tex 2020/12/27 v3.1.8b (3.1.8b)
 (/usr/local/texlive/2021/texmf-dist/tex/generic/pgf/basiclayer/pgfcoreexternal.code.tex
File: pgfcoreexternal.code.tex 2020/12/27 v3.1.8b (3.1.8b)
\pgfexternal@startupbox=\box61
)) (/usr/local/texlive/2021/texmf-dist/tex/generic/pgf/basiclayer/pgfcorelayers.code.tex
File: pgfcorelayers.code.tex 2020/12/27 v3.1.8b (3.1.8b)
) (/usr/local/texlive/2021/texmf-dist/tex/generic/pgf/basiclayer/pgfcoretransparency.code.tex
File: pgfcoretransparency.code.tex 2020/12/27 v3.1.8b (3.1.8b)
) (/usr/local/texlive/2021/texmf-dist/tex/generic/pgf/basiclayer/pgfcorepatterns.code.tex
File: pgfcorepatterns.code.tex 2020/12/27 v3.1.8b (3.1.8b)
) (/usr/local/texlive/2021/texmf-dist/tex/generic/pgf/basiclayer/pgfcorerdf.code.tex
File: pgfcorerdf.code.tex 2020/12/27 v3.1.8b (3.1.8b)
))) (/usr/local/texlive/2021/texmf-dist/tex/latex/pgf/utilities/xxcolor.sty
Package: xxcolor 2003/10/24 ver 0.1
\XC@nummixins=\count285
\XC@countmixins=\count286
) (/usr/local/texlive/2021/texmf-dist/tex/latex/base/atbegshi-ltx.sty
Package: atbegshi-ltx 2020/08/17 v1.0a Emulation of the original atbegshi package
with kernel methods
) (/usr/local/texlive/2021/texmf-dist/tex/latex/hyperref/hyperref.sty
Package: hyperref 2021-02-27 v7.00k Hypertext links for LaTeX
 (/usr/local/texlive/2021/texmf-dist/tex/generic/ltxcmds/ltxcmds.sty
Package: ltxcmds 2020-05-10 v1.25 LaTeX kernel commands for general use (HO)
) (/usr/local/texlive/2021/texmf-dist/tex/generic/pdftexcmds/pdftexcmds.sty
Package: pdftexcmds 2020-06-27 v0.33 Utility functions of pdfTeX for LuaTeX (HO)
 (/usr/local/texlive/2021/texmf-dist/tex/generic/infwarerr/infwarerr.sty
Package: infwarerr 2019/12/03 v1.5 Providing info/warning/error messages (HO)
)
Package pdftexcmds Info: \pdf@primitive is available.
Package pdftexcmds Info: \pdf@ifprimitive is available.
Package pdftexcmds Info: \pdfdraftmode found.
) (/usr/local/texlive/2021/texmf-dist/tex/generic/kvsetkeys/kvsetkeys.sty
Package: kvsetkeys 2019/12/15 v1.18 Key value parser (HO)
) (/usr/local/texlive/2021/texmf-dist/tex/generic/kvdefinekeys/kvdefinekeys.sty
Package: kvdefinekeys 2019-12-19 v1.6 Define keys (HO)
) (/usr/local/texlive/2021/texmf-dist/tex/generic/pdfescape/pdfescape.sty
Package: pdfescape 2019/12/09 v1.15 Implements pdfTeX's escape features (HO)
)
(/usr/local/texlive/2021/texmf-dist/tex/latex/hycolor/hycolor.sty
Package: hycolor 2020-01-27 v1.10 Color options for hyperref/bookmark (HO)
) (/usr/local/texlive/2021/texmf-dist/tex/latex/letltxmacro/letltxmacro.sty
Package: letltxmacro 2019/12/03 v1.6 Let assignment for LaTeX macros (HO)
) (/usr/local/texlive/2021/texmf-dist/tex/latex/auxhook/auxhook.sty
Package: auxhook 2019-12-17 v1.6 Hooks for auxiliary files (HO)
) (/usr/local/texlive/2021/texmf-dist/tex/latex/kvoptions/kvoptions.sty
Package: kvoptions 2020-10-07 v3.14 Key value format for package options (HO)
)
\@linkdim=\dimen257
\Hy@linkcounter=\count287
\Hy@pagecounter=\count288
 (/usr/local/texlive/2021/texmf-dist/tex/latex/hyperref/pd1enc.def
File: pd1enc.def 2021-02-27 v7.00k Hyperref: PDFDocEncoding definition (HO)
Now handling font encoding PD1 ...
... no UTF-8 mapping file for font encoding PD1
) (/usr/local/texlive/2021/texmf-dist/tex/latex/hyperref/hyperref-langpatches.def
File: hyperref-langpatches.def 2021-02-27 v7.00k Hyperref: patches for babel languages
) (/usr/local/texlive/2021/texmf-dist/tex/generic/intcalc/intcalc.sty
Package: intcalc 2019/12/15 v1.3 Expandable calculations with integers (HO)
) (/usr/local/texlive/2021/texmf-dist/tex/generic/etexcmds/etexcmds.sty
Package: etexcmds 2019/12/15 v1.7 Avoid name clashes with e-TeX commands (HO)
)
\Hy@SavedSpaceFactor=\count289
 (/usr/local/texlive/2021/texmf-dist/tex/latex/hyperref/puenc.def
File: puenc.def 2021-02-27 v7.00k Hyperref: PDF Unicode definition (HO)
Now handling font encoding PU ...
... no UTF-8 mapping file for font encoding PU
)
Package hyperref Info: Option `bookmarks' set `true' on input line 4073.
Package hyperref Info: Option `bookmarksopen' set `true' on input line 4073.
Package hyperref Info: Option `implicit' set `false' on input line 4073.
Package hyperref Info: Hyper figures OFF on input line 4192.
Package hyperref Info: Link nesting OFF on input line 4197.
Package hyperref Info: Hyper index ON on input line 4200.
Package hyperref Info: Plain pages OFF on input line 4207.
Package hyperref Info: Backreferencing OFF on input line 4212.
Package hyperref Info: Implicit mode OFF; no redefinition of LaTeX internals.
Package hyperref Info: Bookmarks ON on input line 4445.
\c@Hy@tempcnt=\count290
 (/usr/local/texlive/2021/texmf-dist/tex/latex/url/url.sty
\Urlmuskip=\muskip16
Package: url 2013/09/16  ver 3.4  Verb mode for urls, etc.
)
LaTeX Info: Redefining \url on input line 4804.
\XeTeXLinkMargin=\dimen258
 (/usr/local/texlive/2021/texmf-dist/tex/generic/bitset/bitset.sty
Package: bitset 2019/12/09 v1.3 Handle bit-vector datatype (HO)
 (/usr/local/texlive/2021/texmf-dist/tex/generic/bigintcalc/bigintcalc.sty
Package: bigintcalc 2019/12/15 v1.5 Expandable calculations on big integers (HO)
))
\Fld@menulength=\count291
\Field@Width=\dimen259
\Fld@charsize=\dimen260
Package hyperref Info: Hyper figures OFF on input line 6075.
Package hyperref Info: Link nesting OFF on input line 6080.
Package hyperref Info: Hyper index ON on input line 6083.
Package hyperref Info: backreferencing OFF on input line 6090.
Package hyperref Info: Link coloring OFF on input line 6095.
Package hyperref Info: Link coloring with OCG OFF on input line 6100.
Package hyperref Info: PDF/A mode OFF on input line 6105.
LaTeX Info: Redefining \ref on input line 6145.
LaTeX Info: Redefining \pageref on input line 6149.
\Hy@abspage=\count292


Package hyperref Message: Stopped early.

)
Package hyperref Info: Driver (autodetected): hpdftex.
 (/usr/local/texlive/2021/texmf-dist/tex/latex/hyperref/hpdftex.def
File: hpdftex.def 2021-02-27 v7.00k Hyperref driver for pdfTeX
 (/usr/local/texlive/2021/texmf-dist/tex/latex/base/atveryend-ltx.sty
Package: atveryend-ltx 2020/08/19 v1.0a Emulation of the original atvery package
with kernel methods
)
\Fld@listcount=\count293
\c@bookmark@seq@number=\count294
 (/usr/local/texlive/2021/texmf-dist/tex/latex/rerunfilecheck/rerunfilecheck.sty
Package: rerunfilecheck 2019/12/05 v1.9 Rerun checks for auxiliary files (HO)
 (/usr/local/texlive/2021/texmf-dist/tex/generic/uniquecounter/uniquecounter.sty
Package: uniquecounter 2019/12/15 v1.4 Provide unlimited unique counter (HO)
)
Package uniquecounter Info: New unique counter `rerunfilecheck' on input line 286.
)) (/usr/local/texlive/2021/texmf-dist/tex/latex/beamer/beamerbaserequires.sty (/usr/local/texlive/2021/texmf-dist/tex/latex/beamer/beamerbasecompatibility.sty) (/usr/local/texlive/2021/texmf-dist/tex/latex/beamer/beamerbasefont.sty (/usr/local/texlive/2021/texmf-dist/tex/latex/amsfonts/amssymb.sty
Package: amssymb 2013/01/14 v3.01 AMS font symbols
 (/usr/local/texlive/2021/texmf-dist/tex/latex/amsfonts/amsfonts.sty
Package: amsfonts 2013/01/14 v3.01 Basic AMSFonts support
\@emptytoks=\toks27
\symAMSa=\mathgroup4
\symAMSb=\mathgroup5
LaTeX Font Info:    Redeclaring math symbol \hbar on input line 98.
LaTeX Font Info:    Overwriting math alphabet `\mathfrak' in version `bold'
(Font)                  U/euf/m/n --> U/euf/b/n on input line 106.
)) (/usr/local/texlive/2021/texmf-dist/tex/latex/sansmathaccent/sansmathaccent.sty
Package: sansmathaccent 2020/01/31
 (/usr/local/texlive/2021/texmf-dist/tex/latex/koma-script/scrlfile.sty
Package: scrlfile 2021/03/17 v3.33 KOMA-Script package (file load hooks)
 (/usr/local/texlive/2021/texmf-dist/tex/latex/koma-script/scrlfile-hook.sty
Package: scrlfile-hook 2021/03/17 v3.33 KOMA-Script package (using LaTeX hooks)

LaTeX3 Info: Defining command \BeforeFile with sig. 'm' on line 61.


LaTeX3 Info: Defining command \AfterFile with sig. 'm' on line 65.


LaTeX3 Info: Defining command \BeforeClass with sig. 'm' on line 69.


LaTeX3 Info: Defining command \BeforePackage with sig. 'm' on line 73.


LaTeX3 Info: Defining command \AfterAtEndOfClass with sig. 'smo+m' on line 83.


LaTeX3 Info: Defining command \AfterAtEndOfPackage with sig. 'smo+m' on line
(LaTeX3)     93.


LaTeX3 Info: Defining command \scrlfile@AfterClass with sig. 'smo+m' on line
(LaTeX3)     173.


LaTeX3 Info: Defining command \AfterClass with sig. '' on line 174.


LaTeX3 Info: Defining command \scrlfile@AfterPackage with sig. 'smo+m' on line
(LaTeX3)     191.


LaTeX3 Info: Defining command \AfterPackage with sig. '' on line 192.


LaTeX3 Info: Defining command \ReplaceInput with sig. '' on line 193.


LaTeX3 Info: Defining command \ReplaceClass with sig. 'mm' on line 196.


LaTeX3 Info: Defining command \ReplacePackage with sig. 'mm' on line 199.


LaTeX3 Info: Defining command \UnReplaceInput with sig. '' on line 200.


LaTeX3 Info: Defining command \UnReplaceClass with sig. 'm' on line 203.


LaTeX3 Info: Defining command \UnReplacePackage with sig. 'mm' on line 206.


LaTeX3 Info: Defining command \PreventPackageFromLoading with sig. 's+om' on
(LaTeX3)     line 234.


LaTeX3 Info: Defining command \StorePreventPackageFromLoading with sig. 'm' on
(LaTeX3)     line 242.


LaTeX3 Info: Defining command \ResetPreventPackageFromLoading with sig. '' on
(LaTeX3)     line 247.


LaTeX3 Info: Defining command \UnPreventPackageFromLoading with sig. 'sm' on
(LaTeX3)     line 261.


LaTeX3 Info: Defining command \BeforeClosingMainAux with sig. 'om' on line
(LaTeX3)     274.


LaTeX3 Info: Defining command \AfterReadingMainAux with sig. 'om' on line 287.


LaTeX3 Info: Defining command \protected@immediate@write with sig. 'm+m+m' on
(LaTeX3)     line 298.

 (/usr/local/texlive/2021/texmf-dist/tex/latex/koma-script/scrlogo.sty
Package: scrlogo 2021/03/17 v3.33 KOMA-Script package (logo)
))))) (/usr/local/texlive/2021/texmf-dist/tex/latex/beamer/beamerbasetranslator.sty (/usr/local/texlive/2021/texmf-dist/tex/latex/translator/translator.sty
Package: translator 2020-08-03 v1.12c Easy translation of strings in LaTeX
)) (/usr/local/texlive/2021/texmf-dist/tex/latex/beamer/beamerbasemisc.sty) (/usr/local/texlive/2021/texmf-dist/tex/latex/beamer/beamerbasetwoscreens.sty) (/usr/local/texlive/2021/texmf-dist/tex/latex/beamer/beamerbaseoverlay.sty
\beamer@argscount=\count295
\beamer@lastskipcover=\skip50
\beamer@trivlistdepth=\count296
) (/usr/local/texlive/2021/texmf-dist/tex/latex/beamer/beamerbasetitle.sty) (/usr/local/texlive/2021/texmf-dist/tex/latex/beamer/beamerbasesection.sty
\c@lecture=\count297
\c@part=\count298
\c@section=\count299
\c@subsection=\count300
\c@subsubsection=\count301
) (/usr/local/texlive/2021/texmf-dist/tex/latex/beamer/beamerbaseframe.sty
\beamer@framebox=\box62
\beamer@frametitlebox=\box63
\beamer@zoombox=\box64
\beamer@zoomcount=\count302
\beamer@zoomframecount=\count303
\beamer@frametextheight=\dimen261
\c@subsectionslide=\count304
\beamer@frametopskip=\skip51
\beamer@framebottomskip=\skip52
\beamer@frametopskipautobreak=\skip53
\beamer@framebottomskipautobreak=\skip54
\beamer@envbody=\toks28
\framewidth=\dimen262
\c@framenumber=\count305
) (/usr/local/texlive/2021/texmf-dist/tex/latex/beamer/beamerbaseverbatim.sty
\beamer@verbatimfileout=\write4
) (/usr/local/texlive/2021/texmf-dist/tex/latex/beamer/beamerbaseframesize.sty
\beamer@splitbox=\box65
\beamer@autobreakcount=\count306
\beamer@autobreaklastheight=\dimen263
\beamer@frametitletoks=\toks29
\beamer@framesubtitletoks=\toks30
) (/usr/local/texlive/2021/texmf-dist/tex/latex/beamer/beamerbaseframecomponents.sty
\beamer@footins=\box66
) (/usr/local/texlive/2021/texmf-dist/tex/latex/beamer/beamerbasecolor.sty) (/usr/local/texlive/2021/texmf-dist/tex/latex/beamer/beamerbasenotes.sty
\beamer@frameboxcopy=\box67
) (/usr/local/texlive/2021/texmf-dist/tex/latex/beamer/beamerbasetoc.sty)
(/usr/local/texlive/2021/texmf-dist/tex/latex/beamer/beamerbasetemplates.sty
\beamer@sbttoks=\toks31
 (/usr/local/texlive/2021/texmf-dist/tex/latex/beamer/beamerbaseauxtemplates.sty (/usr/local/texlive/2021/texmf-dist/tex/latex/beamer/beamerbaseboxes.sty
\bmb@box=\box68
\bmb@colorbox=\box69
\bmb@boxwidth=\dimen264
\bmb@boxheight=\dimen265
\bmb@prevheight=\dimen266
\bmb@temp=\dimen267
\bmb@dima=\dimen268
\bmb@dimb=\dimen269
\bmb@prevheight=\dimen270
)
\beamer@blockheadheight=\dimen271
)) (/usr/local/texlive/2021/texmf-dist/tex/latex/beamer/beamerbaselocalstructure.sty (/usr/local/texlive/2021/texmf-dist/tex/latex/tools/enumerate.sty
Package: enumerate 2015/07/23 v3.00 enumerate extensions (DPC)
\@enLab=\toks32
)
\beamer@bibiconwidth=\skip55
\c@figure=\count307
\c@table=\count308
\abovecaptionskip=\skip56
\belowcaptionskip=\skip57
) (/usr/local/texlive/2021/texmf-dist/tex/latex/beamer/beamerbasenavigation.sty
\beamer@section@min@dim=\dimen272
) (/usr/local/texlive/2021/texmf-dist/tex/latex/beamer/beamerbasetheorems.sty (/usr/local/texlive/2021/texmf-dist/tex/latex/amsmath/amsmath.sty
Package: amsmath 2020/09/23 v2.17i AMS math features
\@mathmargin=\skip58

For additional information on amsmath, use the `?' option.
(/usr/local/texlive/2021/texmf-dist/tex/latex/amsmath/amstext.sty
Package: amstext 2000/06/29 v2.01 AMS text
 (/usr/local/texlive/2021/texmf-dist/tex/latex/amsmath/amsgen.sty
File: amsgen.sty 1999/11/30 v2.0 generic functions
\@emptytoks=\toks33
\ex@=\dimen273
)) (/usr/local/texlive/2021/texmf-dist/tex/latex/amsmath/amsbsy.sty
Package: amsbsy 1999/11/29 v1.2d Bold Symbols
\pmbraise@=\dimen274
) (/usr/local/texlive/2021/texmf-dist/tex/latex/amsmath/amsopn.sty
Package: amsopn 2016/03/08 v2.02 operator names
)
\inf@bad=\count309
LaTeX Info: Redefining \frac on input line 234.
\uproot@=\count310
\leftroot@=\count311
LaTeX Info: Redefining \overline on input line 399.
\classnum@=\count312
\DOTSCASE@=\count313
LaTeX Info: Redefining \ldots on input line 496.
LaTeX Info: Redefining \dots on input line 499.
LaTeX Info: Redefining \cdots on input line 620.
\Mathstrutbox@=\box70
\strutbox@=\box71
\big@size=\dimen275
LaTeX Font Info:    Redeclaring font encoding OML on input line 743.
LaTeX Font Info:    Redeclaring font encoding OMS on input line 744.
\macc@depth=\count314
\c@MaxMatrixCols=\count315
\dotsspace@=\muskip17
\c@parentequation=\count316
\dspbrk@lvl=\count317
\tag@help=\toks34
\row@=\count318
\column@=\count319
\maxfields@=\count320
\andhelp@=\toks35
\eqnshift@=\dimen276
\alignsep@=\dimen277
\tagshift@=\dimen278
\tagwidth@=\dimen279
\totwidth@=\dimen280
\lineht@=\dimen281
\@envbody=\toks36
\multlinegap=\skip59
\multlinetaggap=\skip60
\mathdisplay@stack=\toks37
LaTeX Info: Redefining \[ on input line 2923.
LaTeX Info: Redefining \] on input line 2924.
) (/usr/local/texlive/2021/texmf-dist/tex/latex/amscls/amsthm.sty
Package: amsthm 2020/05/29 v2.20.6
\thm@style=\toks38
\thm@bodyfont=\toks39
\thm@headfont=\toks40
\thm@notefont=\toks41
\thm@headpunct=\toks42
\thm@preskip=\skip61
\thm@postskip=\skip62
\thm@headsep=\skip63
\dth@everypar=\toks43
)
\c@theorem=\count321
) (/usr/local/texlive/2021/texmf-dist/tex/latex/beamer/beamerbasethemes.sty)) (/usr/local/texlive/2021/texmf-dist/tex/latex/beamer/beamerthemedefault.sty (/usr/local/texlive/2021/texmf-dist/tex/latex/beamer/beamerfontthemedefault.sty) (/usr/local/texlive/2021/texmf-dist/tex/latex/beamer/beamercolorthemedefault.sty) (/usr/local/texlive/2021/texmf-dist/tex/latex/beamer/beamerinnerthemedefault.sty
\beamer@dima=\dimen282
\beamer@dimb=\dimen283
) (/usr/local/texlive/2021/texmf-dist/tex/latex/beamer/beamerouterthemedefault.sty)))
\sympureletters=\mathgroup6
LaTeX Font Info:    Overwriting symbol font `pureletters' in version `bold'
(Font)                  OT1/mathkerncmss/m/sl --> OT1/mathkerncmss/bx/sl on input line 91.
 (/usr/local/texlive/2021/texmf-dist/tex/latex/tools/bm.sty
Package: bm 2019/07/24 v1.2d Bold Symbol Support (DPC/FMi)
\symboldoperators=\mathgroup7
\symboldletters=\mathgroup8
\symboldsymbols=\mathgroup9
\symboldpureletters=\mathgroup10
LaTeX Font Info:    Redeclaring math alphabet \mathbf on input line 141.
LaTeX Info: Redefining \bm on input line 209.
) (/usr/local/texlive/2021/texmf-dist/tex/latex/amsmath/amscd.sty
Package: amscd 2017/04/14 v2.1 AMS Commutative Diagrams
\athelp@=\toks44
\minaw@=\dimen284
\bigaw@=\dimen285
\minCDarrowwidth=\dimen286
) (/usr/local/texlive/2021/texmf-dist/tex/latex/graphics/epsfig.sty
Package: epsfig 2017/06/25 v1.7b (e)psfig emulation (SPQR)
\epsfxsize=\dimen287
\epsfysize=\dimen288
) (/usr/local/texlive/2021/texmf-dist/tex/latex/adjustbox/adjustbox.sty
Package: adjustbox 2020/08/19 v1.3 Adjusting TeX boxes (trim, clip, ...)
 (/usr/local/texlive/2021/texmf-dist/tex/latex/xkeyval/xkeyval.sty
Package: xkeyval 2020/11/20 v2.8 package option processing (HA)
 (/usr/local/texlive/2021/texmf-dist/tex/generic/xkeyval/xkeyval.tex (/usr/local/texlive/2021/texmf-dist/tex/generic/xkeyval/xkvutils.tex
\XKV@toks=\toks45
\XKV@tempa@toks=\toks46
)
\XKV@depth=\count322
File: xkeyval.tex 2014/12/03 v2.7a key=value parser (HA)
)) (/usr/local/texlive/2021/texmf-dist/tex/latex/adjustbox/adjcalc.sty
Package: adjcalc 2012/05/16 v1.1 Provides advanced setlength with multiple back-ends (calc, etex, pgfmath)
) (/usr/local/texlive/2021/texmf-dist/tex/latex/adjustbox/trimclip.sty
Package: trimclip 2020/08/19 v1.2 Trim and clip general TeX material
 (/usr/local/texlive/2021/texmf-dist/tex/latex/collectbox/collectbox.sty
Package: collectbox 2012/05/17 v0.4b Collect macro arguments as boxes
\collectedbox=\box72
)
\tc@llx=\dimen289
\tc@lly=\dimen290
\tc@urx=\dimen291
\tc@ury=\dimen292
Package trimclip Info: Using driver 'tc-pdftex.def'.
 (/usr/local/texlive/2021/texmf-dist/tex/latex/adjustbox/tc-pdftex.def
File: tc-pdftex.def 2019/01/04 v2.2 Clipping driver for pdftex
))
\adjbox@Width=\dimen293
\adjbox@Height=\dimen294
\adjbox@Depth=\dimen295
\adjbox@Totalheight=\dimen296
\adjbox@pwidth=\dimen297
\adjbox@pheight=\dimen298
\adjbox@pdepth=\dimen299
\adjbox@ptotalheight=\dimen300
 (/usr/local/texlive/2021/texmf-dist/tex/latex/ifoddpage/ifoddpage.sty
Package: ifoddpage 2016/04/23 v1.1 Conditionals for odd/even page detection
\c@checkoddpage=\count323
) (/usr/local/texlive/2021/texmf-dist/tex/latex/varwidth/varwidth.sty
Package: varwidth 2009/03/30 ver 0.92;  Variable-width minipages
\@vwid@box=\box73
\sift@deathcycles=\count324
\@vwid@loff=\dimen301
\@vwid@roff=\dimen302
)) (/usr/local/texlive/2021/texmf-dist/tex/latex/base/textcomp.sty
Package: textcomp 2020/02/02 v2.0n Standard LaTeX package
) (/usr/local/texlive/2021/texmf-dist/tex/latex/setspace/setspace.sty
Package: setspace 2011/12/19 v6.7a set line spacing
) (/usr/local/texlive/2021/texmf-dist/tex/latex/enumitem/enumitem.sty
Package: enumitem 2019/06/20 v3.9 Customized lists
\labelindent=\skip64
\enit@outerparindent=\dimen303
\enit@toks=\toks47
\enit@inbox=\box74
\enit@count@id=\count325
\enitdp@description=\count326
) (/usr/local/texlive/2021/texmf-dist/tex/latex/anyfontsize/anyfontsize.sty
Package: anyfontsize 2007/11/22 anyfontsize.sty by pts
)
(/usr/local/texlive/2021/texmf-dist/tex/latex/tcolorbox/tcolorbox.sty
Package: tcolorbox 2020/10/09 version 4.42 text color boxes
 (/usr/local/texlive/2021/texmf-dist/tex/latex/pgf/basiclayer/pgf.sty
Package: pgf 2020/12/27 v3.1.8b (3.1.8b)
 (/usr/local/texlive/2021/texmf-dist/tex/generic/pgf/modules/pgfmoduleshapes.code.tex
File: pgfmoduleshapes.code.tex 2020/12/27 v3.1.8b (3.1.8b)
\pgfnodeparttextbox=\box75
) (/usr/local/texlive/2021/texmf-dist/tex/generic/pgf/modules/pgfmoduleplot.code.tex
File: pgfmoduleplot.code.tex 2020/12/27 v3.1.8b (3.1.8b)
) (/usr/local/texlive/2021/texmf-dist/tex/latex/pgf/compatibility/pgfcomp-version-0-65.sty
Package: pgfcomp-version-0-65 2020/12/27 v3.1.8b (3.1.8b)
\pgf@nodesepstart=\dimen304
\pgf@nodesepend=\dimen305
) (/usr/local/texlive/2021/texmf-dist/tex/latex/pgf/compatibility/pgfcomp-version-1-18.sty
Package: pgfcomp-version-1-18 2020/12/27 v3.1.8b (3.1.8b)
)) (/usr/local/texlive/2021/texmf-dist/tex/latex/tools/verbatim.sty
Package: verbatim 2020-07-07 v1.5u LaTeX2e package for verbatim enhancements
\every@verbatim=\toks48
\verbatim@line=\toks49
\verbatim@in@stream=\read3
) (/usr/local/texlive/2021/texmf-dist/tex/latex/environ/environ.sty
Package: environ 2014/05/04 v0.3 A new way to define environments
 (/usr/local/texlive/2021/texmf-dist/tex/latex/trimspaces/trimspaces.sty
Package: trimspaces 2009/09/17 v1.1 Trim spaces around a token list
))
\tcb@titlebox=\box76
\tcb@upperbox=\box77
\tcb@lowerbox=\box78
\tcb@phantombox=\box79
\c@tcbbreakpart=\count327
\c@tcblayer=\count328
\c@tcolorbox@number=\count329
\tcb@temp=\box80
\tcb@temp=\box81
\tcb@temp=\box82
\tcb@temp=\box83
\tcb@out=\write5
\tcb@record@out=\write6
) (/usr/local/texlive/2021/texmf-dist/tex/latex/pgf/frontendlayer/tikz.sty (/usr/local/texlive/2021/texmf-dist/tex/latex/pgf/utilities/pgffor.sty (/usr/local/texlive/2021/texmf-dist/tex/latex/pgf/utilities/pgfkeys.sty (/usr/local/texlive/2021/texmf-dist/tex/generic/pgf/utilities/pgfkeys.code.tex)) (/usr/local/texlive/2021/texmf-dist/tex/latex/pgf/math/pgfmath.sty (/usr/local/texlive/2021/texmf-dist/tex/generic/pgf/math/pgfmath.code.tex)) (/usr/local/texlive/2021/texmf-dist/tex/generic/pgf/utilities/pgffor.code.tex
Package: pgffor 2020/12/27 v3.1.8b (3.1.8b)
 (/usr/local/texlive/2021/texmf-dist/tex/generic/pgf/math/pgfmath.code.tex)
\pgffor@iter=\dimen306
\pgffor@skip=\dimen307
\pgffor@stack=\toks50
\pgffor@toks=\toks51
)) (/usr/local/texlive/2021/texmf-dist/tex/generic/pgf/frontendlayer/tikz/tikz.code.tex
Package: tikz 2020/12/27 v3.1.8b (3.1.8b)
 (/usr/local/texlive/2021/texmf-dist/tex/generic/pgf/libraries/pgflibraryplothandlers.code.tex
File: pgflibraryplothandlers.code.tex 2020/12/27 v3.1.8b (3.1.8b)
\pgf@plot@mark@count=\count330
\pgfplotmarksize=\dimen308
)
\tikz@lastx=\dimen309
\tikz@lasty=\dimen310
\tikz@lastxsaved=\dimen311
\tikz@lastysaved=\dimen312
\tikz@lastmovetox=\dimen313
\tikz@lastmovetoy=\dimen314
\tikzleveldistance=\dimen315
\tikzsiblingdistance=\dimen316
\tikz@figbox=\box84
\tikz@figbox@bg=\box85
\tikz@tempbox=\box86
\tikz@tempbox@bg=\box87
\tikztreelevel=\count331
\tikznumberofchildren=\count332
\tikznumberofcurrentchild=\count333
\tikz@fig@count=\count334
 (/usr/local/texlive/2021/texmf-dist/tex/generic/pgf/modules/pgfmodulematrix.code.tex
File: pgfmodulematrix.code.tex 2020/12/27 v3.1.8b (3.1.8b)
\pgfmatrixcurrentrow=\count335
\pgfmatrixcurrentcolumn=\count336
\pgf@matrix@numberofcolumns=\count337
)
\tikz@expandcount=\count338
 (/usr/local/texlive/2021/texmf-dist/tex/generic/pgf/frontendlayer/tikz/libraries/tikzlibrarytopaths.code.tex
File: tikzlibrarytopaths.code.tex 2020/12/27 v3.1.8b (3.1.8b)
))) (/usr/local/texlive/2021/texmf-dist/tex/latex/base/fontenc.sty
Package: fontenc 2020/08/10 v2.0s Standard LaTeX package
) (/usr/local/texlive/2021/texmf-dist/tex/latex/booktabs/booktabs.sty
Package: booktabs 2020/01/12 v1.61803398 Publication quality tables
\heavyrulewidth=\dimen317
\lightrulewidth=\dimen318
\cmidrulewidth=\dimen319
\belowrulesep=\dimen320
\belowbottomsep=\dimen321
\aboverulesep=\dimen322
\abovetopsep=\dimen323
\cmidrulesep=\dimen324
\cmidrulekern=\dimen325
\defaultaddspace=\dimen326
\@cmidla=\count339
\@cmidlb=\count340
\@aboverulesep=\dimen327
\@belowrulesep=\dimen328
\@thisruleclass=\count341
\@lastruleclass=\count342
\@thisrulewidth=\dimen329
) (/usr/local/texlive/2021/texmf-dist/tex/latex/colortbl/colortbl.sty
Package: colortbl 2020/01/04 v1.0e Color table columns (DPC)
 (/usr/local/texlive/2021/texmf-dist/tex/latex/tools/array.sty
Package: array 2020/10/01 v2.5c Tabular extension package (FMi)
\col@sep=\dimen330
\ar@mcellbox=\box88
\extrarowheight=\dimen331
\NC@list=\toks52
\extratabsurround=\skip65
\backup@length=\skip66
\ar@cellbox=\box89
)
\everycr=\toks53
\minrowclearance=\skip67
) (/usr/local/texlive/2021/texmf-dist/tex/latex/multirow/multirow.sty
Package: multirow 2021/03/15 v2.8 Span multiple rows of a table
\multirow@colwidth=\skip68
\multirow@cntb=\count343
\multirow@dima=\skip69
\bigstrutjot=\dimen332
)
(/usr/local/texlive/2021/texmf-dist/tex/latex/tools/longtable.sty
Package: longtable 2020/01/07 v4.13 Multi-page Table package (DPC)
\LTleft=\skip70
\LTright=\skip71
\LTpre=\skip72
\LTpost=\skip73
\LTchunksize=\count344
\LTcapwidth=\dimen333
\LT@head=\box90
\LT@firsthead=\box91
\LT@foot=\box92
\LT@lastfoot=\box93
\LT@cols=\count345
\LT@rows=\count346
\c@LT@tables=\count347
\c@LT@chunks=\count348
\LT@p@ftn=\toks54
) (/usr/local/texlive/2021/texmf-dist/tex/latex/listings/listings.sty
\lst@mode=\count349
\lst@gtempboxa=\box94
\lst@token=\toks55
\lst@length=\count350
\lst@currlwidth=\dimen334
\lst@column=\count351
\lst@pos=\count352
\lst@lostspace=\dimen335
\lst@width=\dimen336
\lst@newlines=\count353
\lst@lineno=\count354
\lst@maxwidth=\dimen337
 (/usr/local/texlive/2021/texmf-dist/tex/latex/listings/lstmisc.sty
File: lstmisc.sty 2020/03/24 1.8d (Carsten Heinz)
\c@lstnumber=\count355
\lst@skipnumbers=\count356
\lst@framebox=\box95
) (/usr/local/texlive/2021/texmf-dist/tex/latex/listings/listings.cfg
File: listings.cfg 2020/03/24 1.8d listings configuration
))
Package: listings 2020/03/24 1.8d (Carsten Heinz)
 (/usr/local/texlive/2021/texmf-dist/tex/latex/bbold/bbold.sty
Package: bbold 1994/04/06 Bbold symbol package
LaTeX Font Info:    Redeclaring math alphabet \mathbb on input line 42.
) (/usr/local/texlive/2021/texmf-dist/tex/latex/mathtools/mathtools.sty
Package: mathtools 2021/03/18 v1.25 mathematical typesetting tools
 (/usr/local/texlive/2021/texmf-dist/tex/latex/tools/calc.sty
Package: calc 2017/05/25 v4.3 Infix arithmetic (KKT,FJ)
\calc@Acount=\count357
\calc@Bcount=\count358
\calc@Adimen=\dimen338
\calc@Bdimen=\dimen339
\calc@Askip=\skip74
\calc@Bskip=\skip75
LaTeX Info: Redefining \setlength on input line 80.
LaTeX Info: Redefining \addtolength on input line 81.
\calc@Ccount=\count359
\calc@Cskip=\skip76
) (/usr/local/texlive/2021/texmf-dist/tex/latex/mathtools/mhsetup.sty
Package: mhsetup 2021/03/18 v1.4 programming setup (MH)
)
LaTeX Info: Thecontrolsequence`\('isalreadyrobust on input line 130.
LaTeX Info: Thecontrolsequence`\)'isalreadyrobust on input line 130.
LaTeX Info: Thecontrolsequence`\['isalreadyrobust on input line 130.
LaTeX Info: Thecontrolsequence`\]'isalreadyrobust on input line 130.
\g_MT_multlinerow_int=\count360
\l_MT_multwidth_dim=\dimen340
\origjot=\skip77
\l_MT_shortvdotswithinadjustabove_dim=\dimen341
\l_MT_shortvdotswithinadjustbelow_dim=\dimen342
\l_MT_above_intertext_sep=\dimen343
\l_MT_below_intertext_sep=\dimen344
\l_MT_above_shortintertext_sep=\dimen345
\l_MT_below_shortintertext_sep=\dimen346
\xmathstrut@box=\box96
\xmathstrut@dim=\dimen347
) (/usr/local/texlive/2021/texmf-dist/tex/latex/pdfpages/pdfpages.sty
Package: pdfpages 2021/03/06 v0.5t Insert pages of external PDF documents (AM)
 (/usr/local/texlive/2021/texmf-dist/tex/latex/base/ifthen.sty
Package: ifthen 2014/09/29 v1.1c Standard LaTeX ifthen package (DPC)
) (/usr/local/texlive/2021/texmf-dist/tex/latex/eso-pic/eso-pic.sty
Package: eso-pic 2020/10/14 v3.0a eso-pic (RN)
\ESO@tempdima=\dimen348
\ESO@tempdimb=\dimen349
)
\AM@pagewidth=\dimen350
\AM@pageheight=\dimen351
\AM@fboxrule=\dimen352
 (/usr/local/texlive/2021/texmf-dist/tex/latex/pdfpages/pppdftex.def
File: pppdftex.def 2021/03/06 v0.5t Pdfpages driver for pdfTeX (AM)
)
\pdfpages@includegraphics@status=\count361
\AM@pagebox=\box97
\AM@global@opts=\toks56
\AM@pagecnt=\count362
\AM@toc@title=\toks57
\c@AM@survey=\count363
\AM@templatesizebox=\box98
)

Package hyperref Warning: Token not allowed in a PDF string (Unicode):
(hyperref)                removing `\new@ifnextchar' on input line 123.

(/usr/local/texlive/2021/texmf-dist/tex/latex/l3backend/l3backend-pdftex.def
File: l3backend-pdftex.def 2021-03-18 L3 backend support: PDF output (pdfTeX)
\l__color_backend_stack_int=\count364
\l__pdf_internal_box=\box99
) (/Users/dwp628/Dropbox/SalemCenter/classes/PRL/classes/lecture-causality/slides/.texpadtmp/PRL-causality.aux)
\openout1 = `PRL-causality.aux'.

LaTeX Font Info:    Checking defaults for OML/cmm/m/it on input line 123.
LaTeX Font Info:    ... okay on input line 123.
LaTeX Font Info:    Checking defaults for OMS/cmsy/m/n on input line 123.
LaTeX Font Info:    ... okay on input line 123.
LaTeX Font Info:    Checking defaults for OT1/cmr/m/n on input line 123.
LaTeX Font Info:    ... okay on input line 123.
LaTeX Font Info:    Checking defaults for T1/cmr/m/n on input line 123.
LaTeX Font Info:    ... okay on input line 123.
LaTeX Font Info:    Checking defaults for TS1/cmr/m/n on input line 123.
LaTeX Font Info:    ... okay on input line 123.
LaTeX Font Info:    Checking defaults for OMX/cmex/m/n on input line 123.
LaTeX Font Info:    ... okay on input line 123.
LaTeX Font Info:    Checking defaults for U/cmr/m/n on input line 123.
LaTeX Font Info:    ... okay on input line 123.
LaTeX Font Info:    Checking defaults for PD1/pdf/m/n on input line 123.
LaTeX Font Info:    ... okay on input line 123.
LaTeX Font Info:    Checking defaults for PU/pdf/m/n on input line 123.
LaTeX Font Info:    ... okay on input line 123.

*geometry* driver: auto-detecting
*geometry* detected driver: pdftex
*geometry* verbose mode - [ preamble ] result:
* driver: pdftex
* paper: custom
* layout: <same size as paper>
* layoutoffset:(h,v)=(0.0pt,0.0pt)
* modes: includehead includefoot 
* h-part:(L,W,R)=(28.45274pt, 307.28987pt, 28.45274pt)
* v-part:(T,H,B)=(0.0pt, 273.14662pt, 0.0pt)
* \paperwidth=364.19536pt
* \paperheight=273.14662pt
* \textwidth=307.28987pt
* \textheight=244.6939pt
* \oddsidemargin=-43.81725pt
* \evensidemargin=-43.81725pt
* \topmargin=-72.26999pt
* \headheight=14.22636pt
* \headsep=0.0pt
* \topskip=11.0pt
* \footskip=14.22636pt
* \marginparwidth=4.0pt
* \marginparsep=10.0pt
* \columnsep=10.0pt
* \skip\footins=10.0pt plus 4.0pt minus 2.0pt
* \hoffset=0.0pt
* \voffset=0.0pt
* \mag=1000
* \@twocolumnfalse
* \@twosidefalse
* \@mparswitchfalse
* \@reversemarginfalse
* (1in=72.27pt=25.4mm, 1cm=28.453pt)

(/usr/local/texlive/2021/texmf-dist/tex/context/base/mkii/supp-pdf.mkii
[Loading MPS to PDF converter (version 2006.09.02).]
\scratchcounter=\count365
\scratchdimen=\dimen353
\scratchbox=\box100
\nofMPsegments=\count366
\nofMParguments=\count367
\everyMPshowfont=\toks58
\MPscratchCnt=\count368
\MPscratchDim=\dimen354
\MPnumerator=\count369
\makeMPintoPDFobject=\count370
\everyMPtoPDFconversion=\toks59
) (/usr/local/texlive/2021/texmf-dist/tex/latex/epstopdf-pkg/epstopdf-base.sty
Package: epstopdf-base 2020-01-24 v2.11 Base part for package epstopdf
Package epstopdf-base Info: Redefining graphics rule for `.eps' on input line 485.
 (/usr/local/texlive/2021/texmf-dist/tex/latex/latexconfig/epstopdf-sys.cfg
File: epstopdf-sys.cfg 2010/07/13 v1.3 Configuration of (r)epstopdf for TeX Live
))
Package hyperref Info: Link coloring OFF on input line 123.
 (/usr/local/texlive/2021/texmf-dist/tex/latex/hyperref/nameref.sty
Package: nameref 2021-04-02 v2.47 Cross-referencing by name of section
 (/usr/local/texlive/2021/texmf-dist/tex/latex/refcount/refcount.sty
Package: refcount 2019/12/15 v3.6 Data extraction from label references (HO)
) (/usr/local/texlive/2021/texmf-dist/tex/generic/gettitlestring/gettitlestring.sty
Package: gettitlestring 2019/12/15 v1.6 Cleanup title references (HO)
)
\c@section@level=\count371
)
LaTeX Info: Redefining \ref on input line 123.
LaTeX Info: Redefining \pageref on input line 123.
LaTeX Info: Redefining \nameref on input line 123.
 (/Users/dwp628/Dropbox/SalemCenter/classes/PRL/classes/lecture-causality/slides/.texpadtmp/PRL-causality.out) (/Users/dwp628/Dropbox/SalemCenter/classes/PRL/classes/lecture-causality/slides/.texpadtmp/PRL-causality.out)
\@outlinefile=\write7
\openout7 = `PRL-causality.out'.

LaTeX Font Info:    Overwriting symbol font `operators' in version `normal'
(Font)                  OT1/cmr/m/n --> OT1/cmss/m/n on input line 123.
LaTeX Font Info:    Overwriting symbol font `operators' in version `bold'
(Font)                  OT1/cmr/bx/n --> OT1/cmss/b/n on input line 123.
\symnumbers=\mathgroup11
LaTeX Font Info:    Redeclaring symbol font `pureletters' on input line 123.
LaTeX Font Info:    Encoding `OT1' has changed to `T1' for symbol font
(Font)              `pureletters' in the math version `normal' on input line 123.
LaTeX Font Info:    Overwriting symbol font `pureletters' in version `normal'
(Font)                  OT1/mathkerncmss/m/sl --> T1/cmss/m/it on input line 123.
LaTeX Font Info:    Encoding `OT1' has changed to `T1' for symbol font
(Font)              `pureletters' in the math version `bold' on input line 123.
LaTeX Font Info:    Overwriting symbol font `pureletters' in version `bold'
(Font)                  OT1/mathkerncmss/bx/sl --> T1/cmss/m/it on input line 123.
LaTeX Font Info:    Overwriting math alphabet `\mathrm' in version `normal'
(Font)                  OT1/cmss/m/n --> T1/cmr/m/n on input line 123.
LaTeX Font Info:    Redeclaring math alphabet \mathbf on input line 123.
LaTeX Font Info:    Redeclaring math alphabet \mathsf on input line 123.
LaTeX Font Info:    Overwriting math alphabet `\mathsf' in version `normal'
(Font)                  OT1/cmss/m/n --> T1/cmss/m/n on input line 123.
LaTeX Font Info:    Overwriting math alphabet `\mathsf' in version `bold'
(Font)                  OT1/cmss/bx/n --> T1/cmss/m/n on input line 123.
LaTeX Font Info:    Redeclaring math alphabet \mathit on input line 123.
LaTeX Font Info:    Overwriting math alphabet `\mathit' in version `normal'
(Font)                  OT1/cmr/m/it --> T1/cmss/m/it on input line 123.
LaTeX Font Info:    Overwriting math alphabet `\mathit' in version `bold'
(Font)                  OT1/cmr/bx/it --> T1/cmss/m/it on input line 123.
LaTeX Font Info:    Redeclaring math alphabet \mathtt on input line 123.
LaTeX Font Info:    Overwriting math alphabet `\mathtt' in version `normal'
(Font)                  OT1/cmtt/m/n --> T1/cmtt/m/n on input line 123.
LaTeX Font Info:    Overwriting math alphabet `\mathtt' in version `bold'
(Font)                  OT1/cmtt/m/n --> T1/cmtt/m/n on input line 123.
LaTeX Font Info:    Overwriting symbol font `numbers' in version `bold'
(Font)                  T1/cmss/m/n --> T1/cmss/b/n on input line 123.
LaTeX Font Info:    Overwriting symbol font `pureletters' in version `bold'
(Font)                  T1/cmss/m/it --> T1/cmss/b/it on input line 123.
LaTeX Font Info:    Overwriting math alphabet `\mathrm' in version `bold'
(Font)                  OT1/cmss/b/n --> T1/cmr/b/n on input line 123.
LaTeX Font Info:    Overwriting math alphabet `\mathbf' in version `bold'
(Font)                  T1/cmss/b/n --> T1/cmss/b/n on input line 123.
LaTeX Font Info:    Overwriting math alphabet `\mathsf' in version `bold'
(Font)                  T1/cmss/m/n --> T1/cmss/b/n on input line 123.
LaTeX Font Info:    Overwriting math alphabet `\mathit' in version `bold'
(Font)                  T1/cmss/m/it --> T1/cmss/b/it on input line 123.
LaTeX Font Info:    Overwriting math alphabet `\mathtt' in version `bold'
(Font)                  T1/cmtt/m/n --> T1/cmtt/b/n on input line 123.
LaTeX Font Info:    Redeclaring symbol font `pureletters' on input line 123.
LaTeX Font Info:    Encoding `T1' has changed to `OT1' for symbol font
(Font)              `pureletters' in the math version `normal' on input line 123.
LaTeX Font Info:    Overwriting symbol font `pureletters' in version `normal'
(Font)                  T1/cmss/m/it --> OT1/mathkerncmss/m/sl on input line 123.
LaTeX Font Info:    Encoding `T1' has changed to `OT1' for symbol font
(Font)              `pureletters' in the math version `bold' on input line 123.
LaTeX Font Info:    Overwriting symbol font `pureletters' in version `bold'
(Font)                  T1/cmss/b/it --> OT1/mathkerncmss/m/sl on input line 123.
LaTeX Font Info:    Overwriting symbol font `pureletters' in version `bold'
(Font)                  OT1/mathkerncmss/m/sl --> OT1/mathkerncmss/bx/sl on input line 123.
 (/usr/local/texlive/2021/texmf-dist/tex/latex/translator/translator-basic-dictionary-English.dict
Dictionary: translator-basic-dictionary, Language: English 
) (/usr/local/texlive/2021/texmf-dist/tex/latex/translator/translator-bibliography-dictionary-English.dict
Dictionary: translator-bibliography-dictionary, Language: English 
) (/usr/local/texlive/2021/texmf-dist/tex/latex/translator/translator-environment-dictionary-English.dict
Dictionary: translator-environment-dictionary, Language: English 
) (/usr/local/texlive/2021/texmf-dist/tex/latex/translator/translator-months-dictionary-English.dict
Dictionary: translator-months-dictionary, Language: English 
) (/usr/local/texlive/2021/texmf-dist/tex/latex/translator/translator-numbers-dictionary-English.dict
Dictionary: translator-numbers-dictionary, Language: English 
) (/usr/local/texlive/2021/texmf-dist/tex/latex/translator/translator-theorem-dictionary-English.dict
Dictionary: translator-theorem-dictionary, Language: English 
)
\c@lstlisting=\count372
 (/usr/local/texlive/2021/texmf-dist/tex/latex/pdflscape/pdflscape.sty
Package: pdflscape 2019/12/05 v0.12 Display of landscape pages in PDF (HO)
 (/usr/local/texlive/2021/texmf-dist/tex/latex/graphics/lscape.sty
Package: lscape 2020/05/28 v3.02 Landscape Pages (DPC)
)
Package pdflscape Info: Auto-detected driver: pdftex on input line 81.
) (/Users/dwp628/Dropbox/SalemCenter/classes/PRL/classes/lecture-causality/slides/.texpadtmp/PRL-causality.nav)
<salem-S.png, id=13, 301.125pt x 301.125pt>
File: salem-S.png Graphic file (type png)
<use salem-S.png>
Package pdftex.def Info: salem-S.png  used on input line 123.
(pdftex.def)             Requested size: 15.05713pt x 15.05713pt.
<salem-banner.png, id=15, 2083.785pt x 301.125pt>
File: salem-banner.png Graphic file (type png)
<use salem-banner.png>
Package pdftex.def Info: salem-banner.png  used on input line 132.
(pdftex.def)             Requested size: 156.27713pt x 22.58339pt.
 [1

{/usr/local/texlive/2021/texmf-var/fonts/map/pdftex/updmap/pdftex.map} <./salem-banner.png>]
LaTeX Font Info:    Trying to load font information for U+msa on input line 159.
 (/usr/local/texlive/2021/texmf-dist/tex/latex/amsfonts/umsa.fd
File: umsa.fd 2013/01/14 v3.01 AMS symbols A
)
LaTeX Font Info:    Trying to load font information for U+msb on input line 159.
 (/usr/local/texlive/2021/texmf-dist/tex/latex/amsfonts/umsb.fd
File: umsb.fd 2013/01/14 v3.01 AMS symbols B
)
LaTeX Font Info:    Trying to load font information for OT1+mathkerncmss on input line 159.
 (/usr/local/texlive/2021/texmf-dist/tex/latex/sansmathaccent/ot1mathkerncmss.fd
File: ot1mathkerncmss.fd 2020/01/31 Fontinst v1.933 font definitions for OT1/mathkerncmss.
)
File: salem-S.png Graphic file (type png)
<use salem-S.png>
Package pdftex.def Info: salem-S.png  used on input line 159.
(pdftex.def)             Requested size: 15.05713pt x 15.05713pt.
 [2

 <./salem-S.png>]
File: salem-S.png Graphic file (type png)
<use salem-S.png>
Package pdftex.def Info: salem-S.png  used on input line 169.
(pdftex.def)             Requested size: 15.05713pt x 15.05713pt.
 [3

]
<figures/head1.png, id=38, 912.40875pt x 82.3075pt>
File: figures/head1.png Graphic file (type png)
<use figures/head1.png>
Package pdftex.def Info: figures/head1.png  used on input line 188.
(pdftex.def)             Requested size: 319.34784pt x 28.80804pt.
<figures/head2.png, id=39, 1088.065pt x 77.28876pt>
File: figures/head2.png Graphic file (type png)
<use figures/head2.png>
Package pdftex.def Info: figures/head2.png  used on input line 188.
(pdftex.def)             Requested size: 326.42203pt x 23.1868pt.
<figures/head3.png, id=40, 884.30376pt x 76.285pt>
File: figures/head3.png Graphic file (type png)
<use figures/head3.png>
Package pdftex.def Info: figures/head3.png  used on input line 188.
(pdftex.def)             Requested size: 265.29317pt x 22.88567pt.
<figures/head4.png, id=41, 921.4425pt x 72.27pt>
File: figures/head4.png Graphic file (type png)
<use figures/head4.png>
Package pdftex.def Info: figures/head4.png  used on input line 188.
(pdftex.def)             Requested size: 276.43488pt x 21.68115pt.
<figures/head5.png, id=42, 711.65875pt x 189.70876pt>
File: figures/head5.png Graphic file (type png)
<use figures/head5.png>
Package pdftex.def Info: figures/head5.png  used on input line 188.
(pdftex.def)             Requested size: 249.08429pt x 66.39905pt.
<figures/head6.png, id=43, 1158.3275pt x 100.375pt>
File: figures/head6.png Graphic file (type png)
<use figures/head6.png>
Package pdftex.def Info: figures/head6.png  used on input line 188.
(pdftex.def)             Requested size: 347.50093pt x 30.11272pt.

Overfull \hbox (22.63753pt too wide) in paragraph at lines 188--188
[][]  
 []

File: salem-S.png Graphic file (type png)
<use salem-S.png>
Package pdftex.def Info: salem-S.png  used on input line 188.
(pdftex.def)             Requested size: 15.05713pt x 15.05713pt.
[4

 <./figures/head1.png> <./figures/head2.png> <./figures/head3.png> <./figures/head4.png> <./figures/head5.png> <./figures/head6.png>]
File: figures/head1.png Graphic file (type png)
<use figures/head1.png>
Package pdftex.def Info: figures/head1.png  used on input line 188.
(pdftex.def)             Requested size: 319.34784pt x 28.80804pt.
File: figures/head2.png Graphic file (type png)
<use figures/head2.png>
Package pdftex.def Info: figures/head2.png  used on input line 188.
(pdftex.def)             Requested size: 326.42203pt x 23.1868pt.
File: figures/head3.png Graphic file (type png)
<use figures/head3.png>
Package pdftex.def Info: figures/head3.png  used on input line 188.
(pdftex.def)             Requested size: 265.29317pt x 22.88567pt.
File: figures/head4.png Graphic file (type png)
<use figures/head4.png>
Package pdftex.def Info: figures/head4.png  used on input line 188.
(pdftex.def)             Requested size: 276.43488pt x 21.68115pt.
File: figures/head5.png Graphic file (type png)
<use figures/head5.png>
Package pdftex.def Info: figures/head5.png  used on input line 188.
(pdftex.def)             Requested size: 249.08429pt x 66.39905pt.
File: figures/head6.png Graphic file (type png)
<use figures/head6.png>
Package pdftex.def Info: figures/head6.png  used on input line 188.
(pdftex.def)             Requested size: 347.50093pt x 30.11272pt.

Overfull \hbox (22.63753pt too wide) in paragraph at lines 188--188
[][]  
 []

File: salem-S.png Graphic file (type png)
<use salem-S.png>
Package pdftex.def Info: salem-S.png  used on input line 188.
(pdftex.def)             Requested size: 15.05713pt x 15.05713pt.
[5

]
File: figures/head1.png Graphic file (type png)
<use figures/head1.png>
Package pdftex.def Info: figures/head1.png  used on input line 188.
(pdftex.def)             Requested size: 319.34784pt x 28.80804pt.
File: figures/head2.png Graphic file (type png)
<use figures/head2.png>
Package pdftex.def Info: figures/head2.png  used on input line 188.
(pdftex.def)             Requested size: 326.42203pt x 23.1868pt.
File: figures/head3.png Graphic file (type png)
<use figures/head3.png>
Package pdftex.def Info: figures/head3.png  used on input line 188.
(pdftex.def)             Requested size: 265.29317pt x 22.88567pt.
File: figures/head4.png Graphic file (type png)
<use figures/head4.png>
Package pdftex.def Info: figures/head4.png  used on input line 188.
(pdftex.def)             Requested size: 276.43488pt x 21.68115pt.
File: figures/head5.png Graphic file (type png)
<use figures/head5.png>
Package pdftex.def Info: figures/head5.png  used on input line 188.
(pdftex.def)             Requested size: 249.08429pt x 66.39905pt.
File: figures/head6.png Graphic file (type png)
<use figures/head6.png>
Package pdftex.def Info: figures/head6.png  used on input line 188.
(pdftex.def)             Requested size: 347.50093pt x 30.11272pt.

Overfull \hbox (22.63753pt too wide) in paragraph at lines 188--188
[][]  
 []

File: salem-S.png Graphic file (type png)
<use salem-S.png>
Package pdftex.def Info: salem-S.png  used on input line 188.
(pdftex.def)             Requested size: 15.05713pt x 15.05713pt.
[6

]
File: figures/head1.png Graphic file (type png)
<use figures/head1.png>
Package pdftex.def Info: figures/head1.png  used on input line 188.
(pdftex.def)             Requested size: 319.34784pt x 28.80804pt.
File: figures/head2.png Graphic file (type png)
<use figures/head2.png>
Package pdftex.def Info: figures/head2.png  used on input line 188.
(pdftex.def)             Requested size: 326.42203pt x 23.1868pt.
File: figures/head3.png Graphic file (type png)
<use figures/head3.png>
Package pdftex.def Info: figures/head3.png  used on input line 188.
(pdftex.def)             Requested size: 265.29317pt x 22.88567pt.
File: figures/head4.png Graphic file (type png)
<use figures/head4.png>
Package pdftex.def Info: figures/head4.png  used on input line 188.
(pdftex.def)             Requested size: 276.43488pt x 21.68115pt.
File: figures/head5.png Graphic file (type png)
<use figures/head5.png>
Package pdftex.def Info: figures/head5.png  used on input line 188.
(pdftex.def)             Requested size: 249.08429pt x 66.39905pt.
File: figures/head6.png Graphic file (type png)
<use figures/head6.png>
Package pdftex.def Info: figures/head6.png  used on input line 188.
(pdftex.def)             Requested size: 347.50093pt x 30.11272pt.

Overfull \hbox (22.63753pt too wide) in paragraph at lines 188--188
[][]  
 []

File: salem-S.png Graphic file (type png)
<use salem-S.png>
Package pdftex.def Info: salem-S.png  used on input line 188.
(pdftex.def)             Requested size: 15.05713pt x 15.05713pt.
[7

]
File: figures/head1.png Graphic file (type png)
<use figures/head1.png>
Package pdftex.def Info: figures/head1.png  used on input line 188.
(pdftex.def)             Requested size: 319.34784pt x 28.80804pt.
File: figures/head2.png Graphic file (type png)
<use figures/head2.png>
Package pdftex.def Info: figures/head2.png  used on input line 188.
(pdftex.def)             Requested size: 326.42203pt x 23.1868pt.
File: figures/head3.png Graphic file (type png)
<use figures/head3.png>
Package pdftex.def Info: figures/head3.png  used on input line 188.
(pdftex.def)             Requested size: 265.29317pt x 22.88567pt.
File: figures/head4.png Graphic file (type png)
<use figures/head4.png>
Package pdftex.def Info: figures/head4.png  used on input line 188.
(pdftex.def)             Requested size: 276.43488pt x 21.68115pt.
File: figures/head5.png Graphic file (type png)
<use figures/head5.png>
Package pdftex.def Info: figures/head5.png  used on input line 188.
(pdftex.def)             Requested size: 249.08429pt x 66.39905pt.
File: figures/head6.png Graphic file (type png)
<use figures/head6.png>
Package pdftex.def Info: figures/head6.png  used on input line 188.
(pdftex.def)             Requested size: 347.50093pt x 30.11272pt.

Overfull \hbox (22.63753pt too wide) in paragraph at lines 188--188
[][]  
 []

File: salem-S.png Graphic file (type png)
<use salem-S.png>
Package pdftex.def Info: salem-S.png  used on input line 188.
(pdftex.def)             Requested size: 15.05713pt x 15.05713pt.
[8

]
File: figures/head1.png Graphic file (type png)
<use figures/head1.png>
Package pdftex.def Info: figures/head1.png  used on input line 188.
(pdftex.def)             Requested size: 319.34784pt x 28.80804pt.
File: figures/head2.png Graphic file (type png)
<use figures/head2.png>
Package pdftex.def Info: figures/head2.png  used on input line 188.
(pdftex.def)             Requested size: 326.42203pt x 23.1868pt.
File: figures/head3.png Graphic file (type png)
<use figures/head3.png>
Package pdftex.def Info: figures/head3.png  used on input line 188.
(pdftex.def)             Requested size: 265.29317pt x 22.88567pt.
File: figures/head4.png Graphic file (type png)
<use figures/head4.png>
Package pdftex.def Info: figures/head4.png  used on input line 188.
(pdftex.def)             Requested size: 276.43488pt x 21.68115pt.
File: figures/head5.png Graphic file (type png)
<use figures/head5.png>
Package pdftex.def Info: figures/head5.png  used on input line 188.
(pdftex.def)             Requested size: 249.08429pt x 66.39905pt.
File: figures/head6.png Graphic file (type png)
<use figures/head6.png>
Package pdftex.def Info: figures/head6.png  used on input line 188.
(pdftex.def)             Requested size: 347.50093pt x 30.11272pt.

Overfull \hbox (22.63753pt too wide) in paragraph at lines 188--188
[][]  
 []

File: salem-S.png Graphic file (type png)
<use salem-S.png>
Package pdftex.def Info: salem-S.png  used on input line 188.
(pdftex.def)             Requested size: 15.05713pt x 15.05713pt.
[9

]
File: salem-S.png Graphic file (type png)
<use salem-S.png>
Package pdftex.def Info: salem-S.png  used on input line 206.
(pdftex.def)             Requested size: 15.05713pt x 15.05713pt.
 [10

]
File: salem-S.png Graphic file (type png)
<use salem-S.png>
Package pdftex.def Info: salem-S.png  used on input line 206.
(pdftex.def)             Requested size: 15.05713pt x 15.05713pt.
 [11

]
File: salem-S.png Graphic file (type png)
<use salem-S.png>
Package pdftex.def Info: salem-S.png  used on input line 219.
(pdftex.def)             Requested size: 15.05713pt x 15.05713pt.
 [12

]
File: salem-S.png Graphic file (type png)
<use salem-S.png>
Package pdftex.def Info: salem-S.png  used on input line 219.
(pdftex.def)             Requested size: 15.05713pt x 15.05713pt.
 [13

]
File: salem-S.png Graphic file (type png)
<use salem-S.png>
Package pdftex.def Info: salem-S.png  used on input line 219.
(pdftex.def)             Requested size: 15.05713pt x 15.05713pt.
 [14

]
File: salem-S.png Graphic file (type png)
<use salem-S.png>
Package pdftex.def Info: salem-S.png  used on input line 219.
(pdftex.def)             Requested size: 15.05713pt x 15.05713pt.
 [15

]
File: salem-S.png Graphic file (type png)
<use salem-S.png>
Package pdftex.def Info: salem-S.png  used on input line 219.
(pdftex.def)             Requested size: 15.05713pt x 15.05713pt.
 [16

]
File: salem-S.png Graphic file (type png)
<use salem-S.png>
Package pdftex.def Info: salem-S.png  used on input line 219.
(pdftex.def)             Requested size: 15.05713pt x 15.05713pt.
 [17

]
File: salem-S.png Graphic file (type png)
<use salem-S.png>
Package pdftex.def Info: salem-S.png  used on input line 230.
(pdftex.def)             Requested size: 15.05713pt x 15.05713pt.
 [18

]
File: salem-S.png Graphic file (type png)
<use salem-S.png>
Package pdftex.def Info: salem-S.png  used on input line 230.
(pdftex.def)             Requested size: 15.05713pt x 15.05713pt.
 [19

]
File: salem-S.png Graphic file (type png)
<use salem-S.png>
Package pdftex.def Info: salem-S.png  used on input line 230.
(pdftex.def)             Requested size: 15.05713pt x 15.05713pt.
 [20

]
File: salem-S.png Graphic file (type png)
<use salem-S.png>
Package pdftex.def Info: salem-S.png  used on input line 230.
(pdftex.def)             Requested size: 15.05713pt x 15.05713pt.
 [21

]
File: salem-S.png Graphic file (type png)
<use salem-S.png>
Package pdftex.def Info: salem-S.png  used on input line 243.
(pdftex.def)             Requested size: 15.05713pt x 15.05713pt.
 [22

]
File: salem-S.png Graphic file (type png)
<use salem-S.png>
Package pdftex.def Info: salem-S.png  used on input line 243.
(pdftex.def)             Requested size: 15.05713pt x 15.05713pt.
 [23

]
File: salem-S.png Graphic file (type png)
<use salem-S.png>
Package pdftex.def Info: salem-S.png  used on input line 256.
(pdftex.def)             Requested size: 15.05713pt x 15.05713pt.
 [24

]
File: salem-S.png Graphic file (type png)
<use salem-S.png>
Package pdftex.def Info: salem-S.png  used on input line 269.
(pdftex.def)             Requested size: 15.05713pt x 15.05713pt.
 [25

]
File: salem-S.png Graphic file (type png)
<use salem-S.png>
Package pdftex.def Info: salem-S.png  used on input line 282.
(pdftex.def)             Requested size: 15.05713pt x 15.05713pt.
 [26

]
<figures/icandmurder.png, id=172, 468.75125pt x 305.14pt>
File: figures/icandmurder.png Graphic file (type png)
<use figures/icandmurder.png>
Package pdftex.def Info: figures/icandmurder.png  used on input line 292.
(pdftex.def)             Requested size: 281.25291pt x 183.0854pt.
File: salem-S.png Graphic file (type png)
<use salem-S.png>
Package pdftex.def Info: salem-S.png  used on input line 292.
(pdftex.def)             Requested size: 15.05713pt x 15.05713pt.
 [27

 <./figures/icandmurder.png>]
<figures/icanddrowning.png, id=179, 500.87125pt x 315.1775pt>
File: figures/icanddrowning.png Graphic file (type png)
<use figures/icanddrowning.png>
Package pdftex.def Info: figures/icanddrowning.png  used on input line 302.
(pdftex.def)             Requested size: 275.48003pt x 173.34816pt.
File: salem-S.png Graphic file (type png)
<use salem-S.png>
Package pdftex.def Info: salem-S.png  used on input line 302.
(pdftex.def)             Requested size: 15.05713pt x 15.05713pt.
 [28

 <./figures/icanddrowning.png>]
File: salem-S.png Graphic file (type png)
<use salem-S.png>
Package pdftex.def Info: salem-S.png  used on input line 315.
(pdftex.def)             Requested size: 15.05713pt x 15.05713pt.
 [29

]
File: salem-S.png Graphic file (type png)
<use salem-S.png>
Package pdftex.def Info: salem-S.png  used on input line 335.
(pdftex.def)             Requested size: 15.05713pt x 15.05713pt.
 [30

]
File: salem-S.png Graphic file (type png)
<use salem-S.png>
Package pdftex.def Info: salem-S.png  used on input line 335.
(pdftex.def)             Requested size: 15.05713pt x 15.05713pt.
 [31

]
File: salem-S.png Graphic file (type png)
<use salem-S.png>
Package pdftex.def Info: salem-S.png  used on input line 335.
(pdftex.def)             Requested size: 15.05713pt x 15.05713pt.
 [32

]
File: salem-S.png Graphic file (type png)
<use salem-S.png>
Package pdftex.def Info: salem-S.png  used on input line 335.
(pdftex.def)             Requested size: 15.05713pt x 15.05713pt.
 [33

]
File: salem-S.png Graphic file (type png)
<use salem-S.png>
Package pdftex.def Info: salem-S.png  used on input line 335.
(pdftex.def)             Requested size: 15.05713pt x 15.05713pt.
 [34

]
File: salem-S.png Graphic file (type png)
<use salem-S.png>
Package pdftex.def Info: salem-S.png  used on input line 344.
(pdftex.def)             Requested size: 15.05713pt x 15.05713pt.
 [35

]
File: salem-S.png Graphic file (type png)
<use salem-S.png>
Package pdftex.def Info: salem-S.png  used on input line 344.
(pdftex.def)             Requested size: 15.05713pt x 15.05713pt.
 [36

]
File: salem-S.png Graphic file (type png)
<use salem-S.png>
Package pdftex.def Info: salem-S.png  used on input line 367.
(pdftex.def)             Requested size: 15.05713pt x 15.05713pt.
 [37

]
File: salem-S.png Graphic file (type png)
<use salem-S.png>
Package pdftex.def Info: salem-S.png  used on input line 367.
(pdftex.def)             Requested size: 15.05713pt x 15.05713pt.
 [38

]
File: salem-S.png Graphic file (type png)
<use salem-S.png>
Package pdftex.def Info: salem-S.png  used on input line 386.
(pdftex.def)             Requested size: 15.05713pt x 15.05713pt.
 [39

]
File: salem-S.png Graphic file (type png)
<use salem-S.png>
Package pdftex.def Info: salem-S.png  used on input line 386.
(pdftex.def)             Requested size: 15.05713pt x 15.05713pt.
 [40

]

LaTeX Font Warning: Command \Huge invalid in math mode on input line 408.


LaTeX Font Warning: Font shape `T1/cmss/b/n' undefined
(Font)              using `T1/cmss/m/n' instead on input line 408.


LaTeX Font Warning: Command \Huge invalid in math mode on input line 408.


LaTeX Font Warning: Command \Huge invalid in math mode on input line 408.


LaTeX Font Warning: Command \Huge invalid in math mode on input line 408.

File: salem-S.png Graphic file (type png)
<use salem-S.png>
Package pdftex.def Info: salem-S.png  used on input line 408.
(pdftex.def)             Requested size: 15.05713pt x 15.05713pt.
[41

]

LaTeX Font Warning: Command \Huge invalid in math mode on input line 429.


LaTeX Font Warning: Command \Huge invalid in math mode on input line 429.


LaTeX Font Warning: Command \Huge invalid in math mode on input line 429.


LaTeX Font Warning: Command \Huge invalid in math mode on input line 429.

File: salem-S.png Graphic file (type png)
<use salem-S.png>
Package pdftex.def Info: salem-S.png  used on input line 429.
(pdftex.def)             Requested size: 15.05713pt x 15.05713pt.
[42

]

LaTeX Font Warning: Command \Huge invalid in math mode on input line 450.


LaTeX Font Warning: Command \Huge invalid in math mode on input line 450.


LaTeX Font Warning: Command \Huge invalid in math mode on input line 450.


LaTeX Font Warning: Command \Huge invalid in math mode on input line 450.

File: salem-S.png Graphic file (type png)
<use salem-S.png>
Package pdftex.def Info: salem-S.png  used on input line 450.
(pdftex.def)             Requested size: 15.05713pt x 15.05713pt.
[43

]

LaTeX Font Warning: Command \Huge invalid in math mode on input line 471.


LaTeX Font Warning: Command \Huge invalid in math mode on input line 471.


LaTeX Font Warning: Command \Huge invalid in math mode on input line 471.


LaTeX Font Warning: Command \Huge invalid in math mode on input line 471.

File: salem-S.png Graphic file (type png)
<use salem-S.png>
Package pdftex.def Info: salem-S.png  used on input line 471.
(pdftex.def)             Requested size: 15.05713pt x 15.05713pt.
[44

]
<figures/nyc_bw.png, id=278, 675.52374pt x 724.7075pt>
File: figures/nyc_bw.png Graphic file (type png)
<use figures/nyc_bw.png>
Package pdftex.def Info: figures/nyc_bw.png  used on input line 484.
(pdftex.def)             Requested size: 675.5221pt x 724.70573pt.
<figures/nyc.png, id=279, 675.52374pt x 724.7075pt>
File: figures/nyc.png Graphic file (type png)
<use figures/nyc.png>
Package pdftex.def Info: figures/nyc.png  used on input line 484.
(pdftex.def)             Requested size: 675.5221pt x 724.70573pt.

Overfull \hbox (1.73485pt too wide) detected at line 484
\OT1/mathkerncmss/m/sl/10.95 Y[] [] []Y[] []
 []

File: salem-S.png Graphic file (type png)
<use salem-S.png>
Package pdftex.def Info: salem-S.png  used on input line 484.
(pdftex.def)             Requested size: 15.05713pt x 15.05713pt.
[45

 <./figures/nyc_bw.png> <./figures/nyc.png>]
File: figures/nyc_bw.png Graphic file (type png)
<use figures/nyc_bw.png>
Package pdftex.def Info: figures/nyc_bw.png  used on input line 507.
(pdftex.def)             Requested size: 675.5221pt x 724.70573pt.
File: figures/nyc.png Graphic file (type png)
<use figures/nyc.png>
Package pdftex.def Info: figures/nyc.png  used on input line 507.
(pdftex.def)             Requested size: 675.5221pt x 724.70573pt.
File: salem-S.png Graphic file (type png)
<use salem-S.png>
Package pdftex.def Info: salem-S.png  used on input line 507.
(pdftex.def)             Requested size: 15.05713pt x 15.05713pt.
 [46

]
File: salem-S.png Graphic file (type png)
<use salem-S.png>
Package pdftex.def Info: salem-S.png  used on input line 527.
(pdftex.def)             Requested size: 15.05713pt x 15.05713pt.
 [47

]
File: salem-S.png Graphic file (type png)
<use salem-S.png>
Package pdftex.def Info: salem-S.png  used on input line 545.
(pdftex.def)             Requested size: 15.05713pt x 15.05713pt.
 [48

]
File: salem-S.png Graphic file (type png)
<use salem-S.png>
Package pdftex.def Info: salem-S.png  used on input line 545.
(pdftex.def)             Requested size: 15.05713pt x 15.05713pt.
 [49

]
File: salem-S.png Graphic file (type png)
<use salem-S.png>
Package pdftex.def Info: salem-S.png  used on input line 560.
(pdftex.def)             Requested size: 15.05713pt x 15.05713pt.
 [50

]
LaTeX Font Info:    Trying to load font information for U+bbold on input line 581.
 (/usr/local/texlive/2021/texmf-dist/tex/latex/bbold/Ubbold.fd)
Overfull \hbox (12.48592pt too wide) detected at line 581
[]
 []

File: salem-S.png Graphic file (type png)
<use salem-S.png>
Package pdftex.def Info: salem-S.png  used on input line 581.
(pdftex.def)             Requested size: 15.05713pt x 15.05713pt.
[51

]
File: salem-S.png Graphic file (type png)
<use salem-S.png>
Package pdftex.def Info: salem-S.png  used on input line 594.
(pdftex.def)             Requested size: 15.05713pt x 15.05713pt.
 [52

]
File: salem-S.png Graphic file (type png)
<use salem-S.png>
Package pdftex.def Info: salem-S.png  used on input line 594.
(pdftex.def)             Requested size: 15.05713pt x 15.05713pt.
 [53

]
File: salem-S.png Graphic file (type png)
<use salem-S.png>
Package pdftex.def Info: salem-S.png  used on input line 594.
(pdftex.def)             Requested size: 15.05713pt x 15.05713pt.
 [54

]
File: salem-S.png Graphic file (type png)
<use salem-S.png>
Package pdftex.def Info: salem-S.png  used on input line 594.
(pdftex.def)             Requested size: 15.05713pt x 15.05713pt.
 [55

]
File: salem-S.png Graphic file (type png)
<use salem-S.png>
Package pdftex.def Info: salem-S.png  used on input line 608.
(pdftex.def)             Requested size: 15.05713pt x 15.05713pt.
 [56

]
File: salem-S.png Graphic file (type png)
<use salem-S.png>
Package pdftex.def Info: salem-S.png  used on input line 608.
(pdftex.def)             Requested size: 15.05713pt x 15.05713pt.
 [57

]

LaTeX Font Warning: Command \Huge invalid in math mode on input line 632.


LaTeX Font Warning: Command \Huge invalid in math mode on input line 632.


LaTeX Font Warning: Command \Huge invalid in math mode on input line 632.


LaTeX Font Warning: Command \Huge invalid in math mode on input line 632.

File: salem-S.png Graphic file (type png)
<use salem-S.png>
Package pdftex.def Info: salem-S.png  used on input line 632.
(pdftex.def)             Requested size: 15.05713pt x 15.05713pt.
[58

]

LaTeX Font Warning: Command \Huge invalid in math mode on input line 632.


LaTeX Font Warning: Command \Huge invalid in math mode on input line 632.


LaTeX Font Warning: Command \Huge invalid in math mode on input line 632.


LaTeX Font Warning: Command \Huge invalid in math mode on input line 632.

File: salem-S.png Graphic file (type png)
<use salem-S.png>
Package pdftex.def Info: salem-S.png  used on input line 632.
(pdftex.def)             Requested size: 15.05713pt x 15.05713pt.
[59

]

LaTeX Font Warning: Command \Huge invalid in math mode on input line 632.


LaTeX Font Warning: Command \Huge invalid in math mode on input line 632.


LaTeX Font Warning: Command \Huge invalid in math mode on input line 632.


LaTeX Font Warning: Command \Huge invalid in math mode on input line 632.

File: salem-S.png Graphic file (type png)
<use salem-S.png>
Package pdftex.def Info: salem-S.png  used on input line 632.
(pdftex.def)             Requested size: 15.05713pt x 15.05713pt.
[60

]

LaTeX Font Warning: Command \Huge invalid in math mode on input line 660.


LaTeX Font Warning: Command \Huge invalid in math mode on input line 660.


LaTeX Font Warning: Command \Huge invalid in math mode on input line 660.


LaTeX Font Warning: Command \Huge invalid in math mode on input line 660.

File: salem-S.png Graphic file (type png)
<use salem-S.png>
Package pdftex.def Info: salem-S.png  used on input line 660.
(pdftex.def)             Requested size: 15.05713pt x 15.05713pt.
[61

]
Overfull \hbox (5.48993pt too wide) detected at line 686
[]
 []

File: salem-S.png Graphic file (type png)
<use salem-S.png>
Package pdftex.def Info: salem-S.png  used on input line 686.
(pdftex.def)             Requested size: 15.05713pt x 15.05713pt.
[62

]
File: salem-S.png Graphic file (type png)
<use salem-S.png>
Package pdftex.def Info: salem-S.png  used on input line 698.
(pdftex.def)             Requested size: 15.05713pt x 15.05713pt.
 [63

]
File: salem-S.png Graphic file (type png)
<use salem-S.png>
Package pdftex.def Info: salem-S.png  used on input line 698.
(pdftex.def)             Requested size: 15.05713pt x 15.05713pt.
 [64

]
File: salem-S.png Graphic file (type png)
<use salem-S.png>
Package pdftex.def Info: salem-S.png  used on input line 698.
(pdftex.def)             Requested size: 15.05713pt x 15.05713pt.
 [65

]
Overfull \hbox (5.39044pt too wide) detected at line 712
[][] \OT1/cmss/m/n/10.95 = [] \OMS/cmsy/m/n/10.95 ^^@ []
 []

File: salem-S.png Graphic file (type png)
<use salem-S.png>
Package pdftex.def Info: salem-S.png  used on input line 712.
(pdftex.def)             Requested size: 15.05713pt x 15.05713pt.
[66

]
Overfull \hbox (5.39044pt too wide) detected at line 712
[][] \OT1/cmss/m/n/10.95 = [] \OMS/cmsy/m/n/10.95 ^^@ []
 []

File: salem-S.png Graphic file (type png)
<use salem-S.png>
Package pdftex.def Info: salem-S.png  used on input line 712.
(pdftex.def)             Requested size: 15.05713pt x 15.05713pt.
[67

]
<figures/tobs.pdf, id=407, 397.485pt x 361.35pt>
File: figures/tobs.pdf Graphic file (type pdf)
<use figures/tobs.pdf>
Package pdftex.def Info: figures/tobs.pdf  used on input line 721.
(pdftex.def)             Requested size: 290.16164pt x 263.78331pt.

Overfull \vbox (0.74852pt too high) detected at line 721
 []

File: salem-S.png Graphic file (type png)
<use salem-S.png>
Package pdftex.def Info: salem-S.png  used on input line 721.
(pdftex.def)             Requested size: 15.05713pt x 15.05713pt.
[68

 <./figures/tobs.pdf>]
<figures/tobs1.pdf, id=418, 397.485pt x 361.35pt>
File: figures/tobs1.pdf Graphic file (type pdf)
<use figures/tobs1.pdf>
Package pdftex.def Info: figures/tobs1.pdf  used on input line 729.
(pdftex.def)             Requested size: 290.16164pt x 263.78331pt.

Overfull \vbox (0.74852pt too high) detected at line 729
 []

File: salem-S.png Graphic file (type png)
<use salem-S.png>
Package pdftex.def Info: salem-S.png  used on input line 729.
(pdftex.def)             Requested size: 15.05713pt x 15.05713pt.
[69

 <./figures/tobs1.pdf>]
<figures/tobs2.pdf, id=432, 397.485pt x 361.35pt>
File: figures/tobs2.pdf Graphic file (type pdf)
<use figures/tobs2.pdf>
Package pdftex.def Info: figures/tobs2.pdf  used on input line 739.
(pdftex.def)             Requested size: 290.16164pt x 263.78331pt.

Overfull \vbox (0.74852pt too high) detected at line 739
 []

File: salem-S.png Graphic file (type png)
<use salem-S.png>
Package pdftex.def Info: salem-S.png  used on input line 739.
(pdftex.def)             Requested size: 15.05713pt x 15.05713pt.
[70

 <./figures/tobs2.pdf>]
File: figures/tobs1.pdf Graphic file (type pdf)
<use figures/tobs1.pdf>
Package pdftex.def Info: figures/tobs1.pdf  used on input line 747.
(pdftex.def)             Requested size: 290.16164pt x 263.78331pt.

Overfull \vbox (0.74852pt too high) detected at line 747
 []

File: salem-S.png Graphic file (type png)
<use salem-S.png>
Package pdftex.def Info: salem-S.png  used on input line 747.
(pdftex.def)             Requested size: 15.05713pt x 15.05713pt.
[71

]
File: figures/tobs2.pdf Graphic file (type pdf)
<use figures/tobs2.pdf>
Package pdftex.def Info: figures/tobs2.pdf  used on input line 755.
(pdftex.def)             Requested size: 290.16164pt x 263.78331pt.

Overfull \vbox (0.74852pt too high) detected at line 755
 []

File: salem-S.png Graphic file (type png)
<use salem-S.png>
Package pdftex.def Info: salem-S.png  used on input line 755.
(pdftex.def)             Requested size: 15.05713pt x 15.05713pt.
[72

]
<figures/tobs3.pdf, id=457, 397.485pt x 361.35pt>
File: figures/tobs3.pdf Graphic file (type pdf)
<use figures/tobs3.pdf>
Package pdftex.def Info: figures/tobs3.pdf  used on input line 763.
(pdftex.def)             Requested size: 290.16164pt x 263.78331pt.

Overfull \vbox (0.74852pt too high) detected at line 763
 []

File: salem-S.png Graphic file (type png)
<use salem-S.png>
Package pdftex.def Info: salem-S.png  used on input line 763.
(pdftex.def)             Requested size: 15.05713pt x 15.05713pt.
[73

 <./figures/tobs3.pdf>]
<figures/tobs4.pdf, id=472, 397.485pt x 361.35pt>
File: figures/tobs4.pdf Graphic file (type pdf)
<use figures/tobs4.pdf>
Package pdftex.def Info: figures/tobs4.pdf  used on input line 771.
(pdftex.def)             Requested size: 290.16164pt x 263.78331pt.

Overfull \vbox (0.74852pt too high) detected at line 771
 []

File: salem-S.png Graphic file (type png)
<use salem-S.png>
Package pdftex.def Info: salem-S.png  used on input line 771.
(pdftex.def)             Requested size: 15.05713pt x 15.05713pt.
[74

 <./figures/tobs4.pdf>]
<figures/tobs5.pdf, id=486, 397.485pt x 361.35pt>
File: figures/tobs5.pdf Graphic file (type pdf)
<use figures/tobs5.pdf>
Package pdftex.def Info: figures/tobs5.pdf  used on input line 779.
(pdftex.def)             Requested size: 290.16164pt x 263.78331pt.

Overfull \vbox (0.74852pt too high) detected at line 779
 []

File: salem-S.png Graphic file (type png)
<use salem-S.png>
Package pdftex.def Info: salem-S.png  used on input line 779.
(pdftex.def)             Requested size: 15.05713pt x 15.05713pt.
[75

 <./figures/tobs5.pdf>]
<figures/tobs6.pdf, id=500, 397.485pt x 361.35pt>
File: figures/tobs6.pdf Graphic file (type pdf)
<use figures/tobs6.pdf>
Package pdftex.def Info: figures/tobs6.pdf  used on input line 787.
(pdftex.def)             Requested size: 290.16164pt x 263.78331pt.

Overfull \vbox (0.74852pt too high) detected at line 787
 []

File: salem-S.png Graphic file (type png)
<use salem-S.png>
Package pdftex.def Info: salem-S.png  used on input line 787.
(pdftex.def)             Requested size: 15.05713pt x 15.05713pt.
[76

 <./figures/tobs6.pdf>]
<figures/tobs7.pdf, id=514, 397.485pt x 361.35pt>
File: figures/tobs7.pdf Graphic file (type pdf)
<use figures/tobs7.pdf>
Package pdftex.def Info: figures/tobs7.pdf  used on input line 795.
(pdftex.def)             Requested size: 290.16164pt x 263.78331pt.

Overfull \vbox (0.74852pt too high) detected at line 795
 []

File: salem-S.png Graphic file (type png)
<use salem-S.png>
Package pdftex.def Info: salem-S.png  used on input line 795.
(pdftex.def)             Requested size: 15.05713pt x 15.05713pt.
[77

 <./figures/tobs7.pdf>]
<figures/tobs8.pdf, id=528, 397.485pt x 361.35pt>
File: figures/tobs8.pdf Graphic file (type pdf)
<use figures/tobs8.pdf>
Package pdftex.def Info: figures/tobs8.pdf  used on input line 803.
(pdftex.def)             Requested size: 290.16164pt x 263.78331pt.

Overfull \vbox (0.74852pt too high) detected at line 803
 []

File: salem-S.png Graphic file (type png)
<use salem-S.png>
Package pdftex.def Info: salem-S.png  used on input line 803.
(pdftex.def)             Requested size: 15.05713pt x 15.05713pt.
[78

 <./figures/tobs8.pdf>]
<figures/tobs9.pdf, id=542, 397.485pt x 361.35pt>
File: figures/tobs9.pdf Graphic file (type pdf)
<use figures/tobs9.pdf>
Package pdftex.def Info: figures/tobs9.pdf  used on input line 811.
(pdftex.def)             Requested size: 290.16164pt x 263.78331pt.

Overfull \vbox (0.74852pt too high) detected at line 811
 []

File: salem-S.png Graphic file (type png)
<use salem-S.png>
Package pdftex.def Info: salem-S.png  used on input line 811.
(pdftex.def)             Requested size: 15.05713pt x 15.05713pt.
[79

 <./figures/tobs9.pdf>]
<figures/tobs10.pdf, id=557, 397.485pt x 361.35pt>
File: figures/tobs10.pdf Graphic file (type pdf)
<use figures/tobs10.pdf>
Package pdftex.def Info: figures/tobs10.pdf  used on input line 819.
(pdftex.def)             Requested size: 290.16164pt x 263.78331pt.

Overfull \vbox (0.74852pt too high) detected at line 819
 []

File: salem-S.png Graphic file (type png)
<use salem-S.png>
Package pdftex.def Info: salem-S.png  used on input line 819.
(pdftex.def)             Requested size: 15.05713pt x 15.05713pt.
[80

 <./figures/tobs10.pdf>]
<figures/tobs11.pdf, id=571, 397.485pt x 361.35pt>
File: figures/tobs11.pdf Graphic file (type pdf)
<use figures/tobs11.pdf>
Package pdftex.def Info: figures/tobs11.pdf  used on input line 827.
(pdftex.def)             Requested size: 290.16164pt x 263.78331pt.

Overfull \vbox (0.74852pt too high) detected at line 827
 []

File: salem-S.png Graphic file (type png)
<use salem-S.png>
Package pdftex.def Info: salem-S.png  used on input line 827.
(pdftex.def)             Requested size: 15.05713pt x 15.05713pt.
[81

 <./figures/tobs11.pdf>]
<figures/tobs12.pdf, id=586, 397.485pt x 361.35pt>
File: figures/tobs12.pdf Graphic file (type pdf)
<use figures/tobs12.pdf>
Package pdftex.def Info: figures/tobs12.pdf  used on input line 835.
(pdftex.def)             Requested size: 290.16164pt x 263.78331pt.

Overfull \vbox (0.74852pt too high) detected at line 835
 []

File: salem-S.png Graphic file (type png)
<use salem-S.png>
Package pdftex.def Info: salem-S.png  used on input line 835.
(pdftex.def)             Requested size: 15.05713pt x 15.05713pt.
[82

 <./figures/tobs12.pdf>]
<figures/tobs13.pdf, id=600, 397.485pt x 361.35pt>
File: figures/tobs13.pdf Graphic file (type pdf)
<use figures/tobs13.pdf>
Package pdftex.def Info: figures/tobs13.pdf  used on input line 843.
(pdftex.def)             Requested size: 290.16164pt x 263.78331pt.

Overfull \vbox (0.74852pt too high) detected at line 843
 []

File: salem-S.png Graphic file (type png)
<use salem-S.png>
Package pdftex.def Info: salem-S.png  used on input line 843.
(pdftex.def)             Requested size: 15.05713pt x 15.05713pt.
[83

 <./figures/tobs13.pdf>]
<figures/tobs14.pdf, id=614, 397.485pt x 361.35pt>
File: figures/tobs14.pdf Graphic file (type pdf)
<use figures/tobs14.pdf>
Package pdftex.def Info: figures/tobs14.pdf  used on input line 851.
(pdftex.def)             Requested size: 290.16164pt x 263.78331pt.

Overfull \vbox (0.74852pt too high) detected at line 851
 []

File: salem-S.png Graphic file (type png)
<use salem-S.png>
Package pdftex.def Info: salem-S.png  used on input line 851.
(pdftex.def)             Requested size: 15.05713pt x 15.05713pt.
[84

 <./figures/tobs14.pdf>]
<figures/tobs15.pdf, id=628, 397.485pt x 361.35pt>
File: figures/tobs15.pdf Graphic file (type pdf)
<use figures/tobs15.pdf>
Package pdftex.def Info: figures/tobs15.pdf  used on input line 859.
(pdftex.def)             Requested size: 290.16164pt x 263.78331pt.

Overfull \vbox (0.74852pt too high) detected at line 859
 []

File: salem-S.png Graphic file (type png)
<use salem-S.png>
Package pdftex.def Info: salem-S.png  used on input line 859.
(pdftex.def)             Requested size: 15.05713pt x 15.05713pt.
[85

 <./figures/tobs15.pdf>]
<figures/tobs16.pdf, id=643, 397.485pt x 361.35pt>
File: figures/tobs16.pdf Graphic file (type pdf)
<use figures/tobs16.pdf>
Package pdftex.def Info: figures/tobs16.pdf  used on input line 867.
(pdftex.def)             Requested size: 290.16164pt x 263.78331pt.

Overfull \vbox (0.74852pt too high) detected at line 867
 []

File: salem-S.png Graphic file (type png)
<use salem-S.png>
Package pdftex.def Info: salem-S.png  used on input line 867.
(pdftex.def)             Requested size: 15.05713pt x 15.05713pt.
[86

 <./figures/tobs16.pdf>]
<figures/tobs17.pdf, id=657, 397.485pt x 361.35pt>
File: figures/tobs17.pdf Graphic file (type pdf)
<use figures/tobs17.pdf>
Package pdftex.def Info: figures/tobs17.pdf  used on input line 875.
(pdftex.def)             Requested size: 290.16164pt x 263.78331pt.

Overfull \vbox (0.74852pt too high) detected at line 875
 []

File: salem-S.png Graphic file (type png)
<use salem-S.png>
Package pdftex.def Info: salem-S.png  used on input line 875.
(pdftex.def)             Requested size: 15.05713pt x 15.05713pt.
[87

 <./figures/tobs17.pdf>]
<figures/tobs18.pdf, id=671, 397.485pt x 361.35pt>
File: figures/tobs18.pdf Graphic file (type pdf)
<use figures/tobs18.pdf>
Package pdftex.def Info: figures/tobs18.pdf  used on input line 883.
(pdftex.def)             Requested size: 290.16164pt x 263.78331pt.

Overfull \vbox (0.74852pt too high) detected at line 883
 []

File: salem-S.png Graphic file (type png)
<use salem-S.png>
Package pdftex.def Info: salem-S.png  used on input line 883.
(pdftex.def)             Requested size: 15.05713pt x 15.05713pt.
[88

 <./figures/tobs18.pdf>]
<figures/tobs19.pdf, id=685, 397.485pt x 361.35pt>
File: figures/tobs19.pdf Graphic file (type pdf)
<use figures/tobs19.pdf>
Package pdftex.def Info: figures/tobs19.pdf  used on input line 892.
(pdftex.def)             Requested size: 290.16164pt x 263.78331pt.

Overfull \vbox (0.74852pt too high) detected at line 892
 []

File: salem-S.png Graphic file (type png)
<use salem-S.png>
Package pdftex.def Info: salem-S.png  used on input line 892.
(pdftex.def)             Requested size: 15.05713pt x 15.05713pt.
[89

 <./figures/tobs19.pdf>]
<figures/tobs20.pdf, id=699, 397.485pt x 361.35pt>
File: figures/tobs20.pdf Graphic file (type pdf)
<use figures/tobs20.pdf>
Package pdftex.def Info: figures/tobs20.pdf  used on input line 900.
(pdftex.def)             Requested size: 290.16164pt x 263.78331pt.

Overfull \vbox (0.74852pt too high) detected at line 900
 []

File: salem-S.png Graphic file (type png)
<use salem-S.png>
Package pdftex.def Info: salem-S.png  used on input line 900.
(pdftex.def)             Requested size: 15.05713pt x 15.05713pt.
[90

 <./figures/tobs20.pdf>]
<figures/trandandtobs5000.pdf, id=714, 397.485pt x 361.35pt>
File: figures/trandandtobs5000.pdf Graphic file (type pdf)
<use figures/trandandtobs5000.pdf>
Package pdftex.def Info: figures/trandandtobs5000.pdf  used on input line 909.
(pdftex.def)             Requested size: 290.16164pt x 263.78331pt.

Overfull \vbox (0.74852pt too high) detected at line 909
 []

File: salem-S.png Graphic file (type png)
<use salem-S.png>
Package pdftex.def Info: salem-S.png  used on input line 909.
(pdftex.def)             Requested size: 15.05713pt x 15.05713pt.
[91

 <./figures/trandandtobs5000.pdf>]

LaTeX Font Warning: Command \small invalid in math mode on input line 933.


LaTeX Font Warning: Command \small invalid in math mode on input line 933.


LaTeX Font Warning: Command \small invalid in math mode on input line 933.


LaTeX Font Warning: Command \small invalid in math mode on input line 933.

File: salem-S.png Graphic file (type png)
<use salem-S.png>
Package pdftex.def Info: salem-S.png  used on input line 933.
(pdftex.def)             Requested size: 15.05713pt x 15.05713pt.
[92

]
File: salem-S.png Graphic file (type png)
<use salem-S.png>
Package pdftex.def Info: salem-S.png  used on input line 944.
(pdftex.def)             Requested size: 15.05713pt x 15.05713pt.
 [93

]
File: salem-S.png Graphic file (type png)
<use salem-S.png>
Package pdftex.def Info: salem-S.png  used on input line 961.
(pdftex.def)             Requested size: 15.05713pt x 15.05713pt.
 [94

]
File: salem-S.png Graphic file (type png)
<use salem-S.png>
Package pdftex.def Info: salem-S.png  used on input line 961.
(pdftex.def)             Requested size: 15.05713pt x 15.05713pt.
 [95

]
File: salem-S.png Graphic file (type png)
<use salem-S.png>
Package pdftex.def Info: salem-S.png  used on input line 977.
(pdftex.def)             Requested size: 15.05713pt x 15.05713pt.
 [96

]
File: salem-S.png Graphic file (type png)
<use salem-S.png>
Package pdftex.def Info: salem-S.png  used on input line 977.
(pdftex.def)             Requested size: 15.05713pt x 15.05713pt.
 [97

]
File: salem-S.png Graphic file (type png)
<use salem-S.png>
Package pdftex.def Info: salem-S.png  used on input line 977.
(pdftex.def)             Requested size: 15.05713pt x 15.05713pt.
 [98

]
File: salem-S.png Graphic file (type png)
<use salem-S.png>
Package pdftex.def Info: salem-S.png  used on input line 977.
(pdftex.def)             Requested size: 15.05713pt x 15.05713pt.
 [99

]
File: salem-S.png Graphic file (type png)
<use salem-S.png>
Package pdftex.def Info: salem-S.png  used on input line 977.
(pdftex.def)             Requested size: 15.05713pt x 15.05713pt.
 [100

]
File: salem-S.png Graphic file (type png)
<use salem-S.png>
Package pdftex.def Info: salem-S.png  used on input line 993.
(pdftex.def)             Requested size: 15.05713pt x 15.05713pt.
 [101

]
File: salem-S.png Graphic file (type png)
<use salem-S.png>
Package pdftex.def Info: salem-S.png  used on input line 993.
(pdftex.def)             Requested size: 15.05713pt x 15.05713pt.
 [102

]
File: salem-S.png Graphic file (type png)
<use salem-S.png>
Package pdftex.def Info: salem-S.png  used on input line 1013.
(pdftex.def)             Requested size: 15.05713pt x 15.05713pt.
 [103

]
File: salem-S.png Graphic file (type png)
<use salem-S.png>
Package pdftex.def Info: salem-S.png  used on input line 1013.
(pdftex.def)             Requested size: 15.05713pt x 15.05713pt.
 [104

]
File: salem-S.png Graphic file (type png)
<use salem-S.png>
Package pdftex.def Info: salem-S.png  used on input line 1033.
(pdftex.def)             Requested size: 15.05713pt x 15.05713pt.
 [105

]
File: salem-S.png Graphic file (type png)
<use salem-S.png>
Package pdftex.def Info: salem-S.png  used on input line 1033.
(pdftex.def)             Requested size: 15.05713pt x 15.05713pt.
 [106

]
File: salem-S.png Graphic file (type png)
<use salem-S.png>
Package pdftex.def Info: salem-S.png  used on input line 1033.
(pdftex.def)             Requested size: 15.05713pt x 15.05713pt.
 [107

]
File: salem-S.png Graphic file (type png)
<use salem-S.png>
Package pdftex.def Info: salem-S.png  used on input line 1056.
(pdftex.def)             Requested size: 15.05713pt x 15.05713pt.
 [108

]
File: salem-S.png Graphic file (type png)
<use salem-S.png>
Package pdftex.def Info: salem-S.png  used on input line 1056.
(pdftex.def)             Requested size: 15.05713pt x 15.05713pt.
 [109

]

LaTeX Font Warning: Command \small invalid in math mode on input line 1076.

File: salem-S.png Graphic file (type png)
<use salem-S.png>
Package pdftex.def Info: salem-S.png  used on input line 1076.
(pdftex.def)             Requested size: 15.05713pt x 15.05713pt.
[110

]

LaTeX Font Warning: Command \small invalid in math mode on input line 1076.

File: salem-S.png Graphic file (type png)
<use salem-S.png>
Package pdftex.def Info: salem-S.png  used on input line 1076.
(pdftex.def)             Requested size: 15.05713pt x 15.05713pt.
[111

]
\tf@nav=\write8
\openout8 = `PRL-causality.nav'.

\tf@toc=\write9
\openout9 = `PRL-causality.toc'.

\tf@snm=\write10
\openout10 = `PRL-causality.snm'.

 (/Users/dwp628/Dropbox/SalemCenter/classes/PRL/classes/lecture-causality/slides/.texpadtmp/PRL-causality.aux)

LaTeX Font Warning: Some font shapes were not available, defaults substituted.

Package rerunfilecheck Info: File `PRL-causality.out' has not changed.
(rerunfilecheck)             Checksum: D41D8CD98F00B204E9800998ECF8427E;0.
 ) 
Here is how much of TeX's memory you used:
 30509 strings out of 478994
 575890 string characters out of 5858185
 862885 words of memory out of 5000000
 47065 multiletter control sequences out of 15000+600000
 438975 words of font info for 119 fonts, out of 8000000 for 9000
 1141 hyphenation exceptions out of 8191
 131i,22n,132p,417b,701s stack positions out of 5000i,500n,10000p,200000b,80000s
{/usr/local/texlive/2021/texmf-dist/fonts/enc/dvips/cm-super/cm-super-t1.enc}</usr/local/texlive/2021/texmf-dist/fonts/type1/public/bbold-type1/bbold10.pfb></usr/local/texlive/2021/texmf-dist/fonts/type1/public/amsfonts/cm/cmex10.pfb></usr/local/texlive/2021/texmf-dist/fonts/type1/public/amsfonts/cm/cmmi10.pfb></usr/local/texlive/2021/texmf-dist/fonts/type1/public/amsfonts/cm/cmmi8.pfb></usr/local/texlive/2021/texmf-dist/fonts/type1/public/amsfonts/cm/cmss10.pfb></usr/local/texlive/2021/texmf-dist/fonts/type1/public/amsfonts/cm/cmss12.pfb></usr/local/texlive/2021/texmf-dist/fonts/type1/public/amsfonts/cm/cmss8.pfb></usr/local/texlive/2021/texmf-dist/fonts/type1/public/amsfonts/cm/cmssi10.pfb></usr/local/texlive/2021/texmf-dist/fonts/type1/public/amsfonts/cm/cmssi12.pfb></usr/local/texlive/2021/texmf-dist/fonts/type1/public/amsfonts/cm/cmssi8.pfb></usr/local/texlive/2021/texmf-dist/fonts/type1/public/amsfonts/cm/cmsy10.pfb></usr/local/texlive/2021/texmf-dist/fonts/type1/public/amsfonts/cm/cmsy6.pfb></usr/local/texlive/2021/texmf-dist/fonts/type1/public/amsfonts/cm/cmsy8.pfb></usr/local/texlive/2021/texmf-dist/fonts/type1/public/amsfonts/symbols/msbm10.pfb></usr/local/texlive/2021/texmf-dist/fonts/type1/public/cm-super/sfsi1095.pfb></usr/local/texlive/2021/texmf-dist/fonts/type1/public/cm-super/sfss0700.pfb></usr/local/texlive/2021/texmf-dist/fonts/type1/public/cm-super/sfss0800.pfb></usr/local/texlive/2021/texmf-dist/fonts/type1/public/cm-super/sfss1000.pfb></usr/local/texlive/2021/texmf-dist/fonts/type1/public/cm-super/sfss1095.pfb></usr/local/texlive/2021/texmf-dist/fonts/type1/public/cm-super/sfss1440.pfb></usr/local/texlive/2021/texmf-dist/fonts/type1/public/cm-super/sfss2488.pfb></usr/local/texlive/2021/texmf-dist/fonts/type1/public/cm-super/sfsx1095.pfb></usr/local/texlive/2021/texmf-dist/fonts/type1/public/cm-super/sfsx1440.pfb>
Output written on /Users/dwp628/Dropbox/SalemCenter/classes/PRL/classes/lecture-causality/slides/.texpadtmp/PRL-causality.pdf (111 pages, 1953060 bytes).
PDF statistics:
 960 PDF objects out of 1000 (max. 8388607)
 742 compressed objects within 8 object streams
 223 named destinations out of 1000 (max. 500000)
 213 words of extra memory for PDF output out of 10000 (max. 10000000)

