This is pdfTeX, Version 3.1415926-2.5-1.40.14 (TeX Live 2013) (format=pdflatex 2013.5.30)  16 JUL 2014 14:39
entering extended mode
 restricted \write18 enabled.
 file:line:error style messages enabled.
 %&-line parsing enabled.
**Sec1_Intro.tex
(./Sec1_Intro.tex
LaTeX2e <2011/06/27>
Babel <3.9f> and hyphenation patterns for 78 languages loaded.
(/usr/local/texlive/2013/texmf-dist/tex/latex/beamer/beamer.cls
(/usr/local/texlive/2013/texmf-dist/tex/latex/beamer/beamerbasercs.sty
Package: beamerbasercs 2013/01/04 (rcs-revision 9a97a4eee358)
)
Document Class: beamer 2013/01/04 3.26 A class for typesetting presentations (r
cs-revision e81e0c94bcc6)
(/usr/local/texlive/2013/texmf-dist/tex/latex/beamer/beamerbasemodes.sty
Package: beamerbasemodes 2012/04/15 (rcs-revision cc6557182d97)
\beamer@tempbox=\box26
\beamer@tempcount=\count79
\c@beamerpauses=\count80

(/usr/local/texlive/2013/texmf-dist/tex/latex/beamer/beamerbasedecode.sty
Package: beamerbasedecode 2010/05/01 (rcs-revision efa082c6111d)
\beamer@slideinframe=\count81
\beamer@minimum=\count82
)
\beamer@commentbox=\box27
\beamer@modecount=\count83
)
(/usr/local/texlive/2013/texmf-dist/tex/generic/oberdiek/ifpdf.sty
Package: ifpdf 2011/01/30 v2.3 Provides the ifpdf switch (HO)
Package ifpdf Info: pdfTeX in PDF mode is detected.
)
\headheight=\dimen102
\headdp=\dimen103
\footheight=\dimen104
\sidebarheight=\dimen105
\beamer@tempdim=\dimen106
\beamer@finalheight=\dimen107
\beamer@animht=\dimen108
\beamer@animdp=\dimen109
\beamer@animwd=\dimen110
\beamer@leftmargin=\dimen111
\beamer@rightmargin=\dimen112
\beamer@leftsidebar=\dimen113
\beamer@rightsidebar=\dimen114
\beamer@boxsize=\dimen115
\beamer@vboxoffset=\dimen116
\beamer@descdefault=\dimen117
\beamer@descriptionwidth=\dimen118
\beamer@lastskip=\skip41
\beamer@areabox=\box28
\beamer@animcurrent=\box29
\beamer@animshowbox=\box30
\beamer@sectionbox=\box31
\beamer@logobox=\box32
\beamer@linebox=\box33
\beamer@sectioncount=\count84
\beamer@subsubsectionmax=\count85
\beamer@subsectionmax=\count86
\beamer@sectionmax=\count87
\beamer@totalheads=\count88
\beamer@headcounter=\count89
\beamer@partstartpage=\count90
\beamer@sectionstartpage=\count91
\beamer@subsectionstartpage=\count92
\beamer@animationtempa=\count93
\beamer@animationtempb=\count94
\beamer@xpos=\count95
\beamer@ypos=\count96
\beamer@showpartnumber=\count97
\beamer@currentsubsection=\count98
\beamer@coveringdepth=\count99
\beamer@sectionadjust=\count100
\beamer@tocsectionnumber=\count101

(/usr/local/texlive/2013/texmf-dist/tex/latex/beamer/beamerbaseoptions.sty
Package: beamerbaseoptions 2010/04/27 (rcs-revision 982469101dd6)

(/usr/local/texlive/2013/texmf-dist/tex/latex/graphics/keyval.sty
Package: keyval 1999/03/16 v1.13 key=value parser (DPC)
\KV@toks@=\toks14
))
\beamer@paperwidth=\skip42
\beamer@paperheight=\skip43

(/usr/local/texlive/2013/texmf-dist/tex/latex/geometry/geometry.sty
Package: geometry 2010/09/12 v5.6 Page Geometry

(/usr/local/texlive/2013/texmf-dist/tex/generic/oberdiek/ifvtex.sty
Package: ifvtex 2010/03/01 v1.5 Detect VTeX and its facilities (HO)
Package ifvtex Info: VTeX not detected.
)
(/usr/local/texlive/2013/texmf-dist/tex/generic/ifxetex/ifxetex.sty
Package: ifxetex 2010/09/12 v0.6 Provides ifxetex conditional
)
\Gm@cnth=\count102
\Gm@cntv=\count103
\c@Gm@tempcnt=\count104
\Gm@bindingoffset=\dimen119
\Gm@wd@mp=\dimen120
\Gm@odd@mp=\dimen121
\Gm@even@mp=\dimen122
\Gm@layoutwidth=\dimen123
\Gm@layoutheight=\dimen124
\Gm@layouthoffset=\dimen125
\Gm@layoutvoffset=\dimen126
\Gm@dimlist=\toks15
)
(/usr/local/texlive/2013/texmf-dist/tex/latex/base/size11.clo
File: size11.clo 2007/10/19 v1.4h Standard LaTeX file (size option)
)
(/usr/local/texlive/2013/texmf-dist/tex/latex/pgf/basiclayer/pgfcore.sty
(/usr/local/texlive/2013/texmf-dist/tex/latex/graphics/graphicx.sty
Package: graphicx 1999/02/16 v1.0f Enhanced LaTeX Graphics (DPC,SPQR)

(/usr/local/texlive/2013/texmf-dist/tex/latex/graphics/graphics.sty
Package: graphics 2009/02/05 v1.0o Standard LaTeX Graphics (DPC,SPQR)

(/usr/local/texlive/2013/texmf-dist/tex/latex/graphics/trig.sty
Package: trig 1999/03/16 v1.09 sin cos tan (DPC)
)
(/usr/local/texlive/2013/texmf-dist/tex/latex/latexconfig/graphics.cfg
File: graphics.cfg 2010/04/23 v1.9 graphics configuration of TeX Live
)
Package graphics Info: Driver file: pdftex.def on input line 91.

(/usr/local/texlive/2013/texmf-dist/tex/latex/pdftex-def/pdftex.def
File: pdftex.def 2011/05/27 v0.06d Graphics/color for pdfTeX

(/usr/local/texlive/2013/texmf-dist/tex/generic/oberdiek/infwarerr.sty
Package: infwarerr 2010/04/08 v1.3 Providing info/warning/error messages (HO)
)
(/usr/local/texlive/2013/texmf-dist/tex/generic/oberdiek/ltxcmds.sty
Package: ltxcmds 2011/11/09 v1.22 LaTeX kernel commands for general use (HO)
)
\Gread@gobject=\count105
))
\Gin@req@height=\dimen127
\Gin@req@width=\dimen128
)
(/usr/local/texlive/2013/texmf-dist/tex/latex/pgf/systemlayer/pgfsys.sty
(/usr/local/texlive/2013/texmf-dist/tex/latex/pgf/utilities/pgfrcs.sty
(/usr/local/texlive/2013/texmf-dist/tex/generic/pgf/utilities/pgfutil-common.te
x
\pgfutil@everybye=\toks16
)
(/usr/local/texlive/2013/texmf-dist/tex/generic/pgf/utilities/pgfutil-latex.def
\pgfutil@abb=\box34
(/usr/local/texlive/2013/texmf-dist/tex/latex/ms/everyshi.sty
Package: everyshi 2001/05/15 v3.00 EveryShipout Package (MS)
))
(/usr/local/texlive/2013/texmf-dist/tex/generic/pgf/utilities/pgfrcs.code.tex
Package: pgfrcs 2010/10/25 v2.10 (rcs-revision 1.24)
))
(/usr/local/texlive/2013/texmf-dist/tex/generic/pgf/systemlayer/pgfsys.code.tex
Package: pgfsys 2010/06/30 v2.10 (rcs-revision 1.37)
(/usr/local/texlive/2013/texmf-dist/tex/generic/pgf/utilities/pgfkeys.code.tex
\pgfkeys@pathtoks=\toks17
\pgfkeys@temptoks=\toks18

(/usr/local/texlive/2013/texmf-dist/tex/generic/pgf/utilities/pgfkeysfiltered.c
ode.tex
\pgfkeys@tmptoks=\toks19
))
\pgf@x=\dimen129
\pgf@y=\dimen130
\pgf@xa=\dimen131
\pgf@ya=\dimen132
\pgf@xb=\dimen133
\pgf@yb=\dimen134
\pgf@xc=\dimen135
\pgf@yc=\dimen136
\w@pgf@writea=\write3
\r@pgf@reada=\read1
\c@pgf@counta=\count106
\c@pgf@countb=\count107
\c@pgf@countc=\count108
\c@pgf@countd=\count109

(/usr/local/texlive/2013/texmf-dist/tex/generic/pgf/systemlayer/pgf.cfg
File: pgf.cfg 2008/05/14  (rcs-revision 1.7)
)
Package pgfsys Info: Driver file for pgf: pgfsys-pdftex.def on input line 900.

(/usr/local/texlive/2013/texmf-dist/tex/generic/pgf/systemlayer/pgfsys-pdftex.d
ef
File: pgfsys-pdftex.def 2009/05/22  (rcs-revision 1.26)

(/usr/local/texlive/2013/texmf-dist/tex/generic/pgf/systemlayer/pgfsys-common-p
df.def
File: pgfsys-common-pdf.def 2008/05/19  (rcs-revision 1.10)
)))
(/usr/local/texlive/2013/texmf-dist/tex/generic/pgf/systemlayer/pgfsyssoftpath.
code.tex
File: pgfsyssoftpath.code.tex 2008/07/18  (rcs-revision 1.7)
\pgfsyssoftpath@smallbuffer@items=\count110
\pgfsyssoftpath@bigbuffer@items=\count111
)
(/usr/local/texlive/2013/texmf-dist/tex/generic/pgf/systemlayer/pgfsysprotocol.
code.tex
File: pgfsysprotocol.code.tex 2006/10/16  (rcs-revision 1.4)
)) (/usr/local/texlive/2013/texmf-dist/tex/latex/xcolor/xcolor.sty
Package: xcolor 2007/01/21 v2.11 LaTeX color extensions (UK)

(/usr/local/texlive/2013/texmf-dist/tex/latex/latexconfig/color.cfg
File: color.cfg 2007/01/18 v1.5 color configuration of teTeX/TeXLive
)
Package xcolor Info: Driver file: pdftex.def on input line 225.
Package xcolor Info: Model `cmy' substituted by `cmy0' on input line 1337.
Package xcolor Info: Model `hsb' substituted by `rgb' on input line 1341.
Package xcolor Info: Model `RGB' extended on input line 1353.
Package xcolor Info: Model `HTML' substituted by `rgb' on input line 1355.
Package xcolor Info: Model `Hsb' substituted by `hsb' on input line 1356.
Package xcolor Info: Model `tHsb' substituted by `hsb' on input line 1357.
Package xcolor Info: Model `HSB' substituted by `hsb' on input line 1358.
Package xcolor Info: Model `Gray' substituted by `gray' on input line 1359.
Package xcolor Info: Model `wave' substituted by `hsb' on input line 1360.
)
(/usr/local/texlive/2013/texmf-dist/tex/generic/pgf/basiclayer/pgfcore.code.tex
Package: pgfcore 2010/04/11 v2.10 (rcs-revision 1.7)
(/usr/local/texlive/2013/texmf-dist/tex/generic/pgf/math/pgfmath.code.tex
(/usr/local/texlive/2013/texmf-dist/tex/generic/pgf/math/pgfmathcalc.code.tex
(/usr/local/texlive/2013/texmf-dist/tex/generic/pgf/math/pgfmathutil.code.tex)
(/usr/local/texlive/2013/texmf-dist/tex/generic/pgf/math/pgfmathparser.code.tex
\pgfmath@dimen=\dimen137
\pgfmath@count=\count112
\pgfmath@box=\box35
\pgfmath@toks=\toks20
\pgfmath@stack@operand=\toks21
\pgfmath@stack@operation=\toks22
)
(/usr/local/texlive/2013/texmf-dist/tex/generic/pgf/math/pgfmathfunctions.code.
tex
(/usr/local/texlive/2013/texmf-dist/tex/generic/pgf/math/pgfmathfunctions.basic
.code.tex)
(/usr/local/texlive/2013/texmf-dist/tex/generic/pgf/math/pgfmathfunctions.trigo
nometric.code.tex)
(/usr/local/texlive/2013/texmf-dist/tex/generic/pgf/math/pgfmathfunctions.rando
m.code.tex)
(/usr/local/texlive/2013/texmf-dist/tex/generic/pgf/math/pgfmathfunctions.compa
rison.code.tex)
(/usr/local/texlive/2013/texmf-dist/tex/generic/pgf/math/pgfmathfunctions.base.
code.tex)
(/usr/local/texlive/2013/texmf-dist/tex/generic/pgf/math/pgfmathfunctions.round
.code.tex)
(/usr/local/texlive/2013/texmf-dist/tex/generic/pgf/math/pgfmathfunctions.misc.
code.tex)))
(/usr/local/texlive/2013/texmf-dist/tex/generic/pgf/math/pgfmathfloat.code.tex
\c@pgfmathroundto@lastzeros=\count113
))
(/usr/local/texlive/2013/texmf-dist/tex/generic/pgf/basiclayer/pgfcorepoints.co
de.tex
File: pgfcorepoints.code.tex 2010/04/09  (rcs-revision 1.20)
\pgf@picminx=\dimen138
\pgf@picmaxx=\dimen139
\pgf@picminy=\dimen140
\pgf@picmaxy=\dimen141
\pgf@pathminx=\dimen142
\pgf@pathmaxx=\dimen143
\pgf@pathminy=\dimen144
\pgf@pathmaxy=\dimen145
\pgf@xx=\dimen146
\pgf@xy=\dimen147
\pgf@yx=\dimen148
\pgf@yy=\dimen149
\pgf@zx=\dimen150
\pgf@zy=\dimen151
)
(/usr/local/texlive/2013/texmf-dist/tex/generic/pgf/basiclayer/pgfcorepathconst
ruct.code.tex
File: pgfcorepathconstruct.code.tex 2010/08/03  (rcs-revision 1.24)
\pgf@path@lastx=\dimen152
\pgf@path@lasty=\dimen153
)
(/usr/local/texlive/2013/texmf-dist/tex/generic/pgf/basiclayer/pgfcorepathusage
.code.tex
File: pgfcorepathusage.code.tex 2008/04/22  (rcs-revision 1.12)
\pgf@shorten@end@additional=\dimen154
\pgf@shorten@start@additional=\dimen155
)
(/usr/local/texlive/2013/texmf-dist/tex/generic/pgf/basiclayer/pgfcorescopes.co
de.tex
File: pgfcorescopes.code.tex 2010/09/08  (rcs-revision 1.34)
\pgfpic=\box36
\pgf@hbox=\box37
\pgf@layerbox@main=\box38
\pgf@picture@serial@count=\count114
)
(/usr/local/texlive/2013/texmf-dist/tex/generic/pgf/basiclayer/pgfcoregraphicst
ate.code.tex
File: pgfcoregraphicstate.code.tex 2008/04/22  (rcs-revision 1.9)
\pgflinewidth=\dimen156
)
(/usr/local/texlive/2013/texmf-dist/tex/generic/pgf/basiclayer/pgfcoretransform
ations.code.tex
File: pgfcoretransformations.code.tex 2009/06/10  (rcs-revision 1.11)
\pgf@pt@x=\dimen157
\pgf@pt@y=\dimen158
\pgf@pt@temp=\dimen159
)
(/usr/local/texlive/2013/texmf-dist/tex/generic/pgf/basiclayer/pgfcorequick.cod
e.tex
File: pgfcorequick.code.tex 2008/10/09  (rcs-revision 1.3)
)
(/usr/local/texlive/2013/texmf-dist/tex/generic/pgf/basiclayer/pgfcoreobjects.c
ode.tex
File: pgfcoreobjects.code.tex 2006/10/11  (rcs-revision 1.2)
)
(/usr/local/texlive/2013/texmf-dist/tex/generic/pgf/basiclayer/pgfcorepathproce
ssing.code.tex
File: pgfcorepathprocessing.code.tex 2008/10/09  (rcs-revision 1.8)
)
(/usr/local/texlive/2013/texmf-dist/tex/generic/pgf/basiclayer/pgfcorearrows.co
de.tex
File: pgfcorearrows.code.tex 2008/04/23  (rcs-revision 1.11)
)
(/usr/local/texlive/2013/texmf-dist/tex/generic/pgf/basiclayer/pgfcoreshade.cod
e.tex
File: pgfcoreshade.code.tex 2008/11/23  (rcs-revision 1.13)
\pgf@max=\dimen160
\pgf@sys@shading@range@num=\count115
)
(/usr/local/texlive/2013/texmf-dist/tex/generic/pgf/basiclayer/pgfcoreimage.cod
e.tex
File: pgfcoreimage.code.tex 2010/03/25  (rcs-revision 1.16)

(/usr/local/texlive/2013/texmf-dist/tex/generic/pgf/basiclayer/pgfcoreexternal.
code.tex
File: pgfcoreexternal.code.tex 2010/09/01  (rcs-revision 1.17)
\pgfexternal@startupbox=\box39
))
(/usr/local/texlive/2013/texmf-dist/tex/generic/pgf/basiclayer/pgfcorelayers.co
de.tex
File: pgfcorelayers.code.tex 2010/08/27  (rcs-revision 1.2)
)
(/usr/local/texlive/2013/texmf-dist/tex/generic/pgf/basiclayer/pgfcoretranspare
ncy.code.tex
File: pgfcoretransparency.code.tex 2008/01/17  (rcs-revision 1.2)
)
(/usr/local/texlive/2013/texmf-dist/tex/generic/pgf/basiclayer/pgfcorepatterns.
code.tex
File: pgfcorepatterns.code.tex 2009/07/02  (rcs-revision 1.3)
)))
(/usr/local/texlive/2013/texmf-dist/tex/latex/pgf/utilities/xxcolor.sty
Package: xxcolor 2003/10/24 ver 0.1
\XC@nummixins=\count116
\XC@countmixins=\count117
)
(/usr/local/texlive/2013/texmf-dist/tex/latex/hyperref/hyperref.sty
Package: hyperref 2012/11/06 v6.83m Hypertext links for LaTeX

(/usr/local/texlive/2013/texmf-dist/tex/generic/oberdiek/hobsub-hyperref.sty
Package: hobsub-hyperref 2012/05/28 v1.13 Bundle oberdiek, subset hyperref (HO)


(/usr/local/texlive/2013/texmf-dist/tex/generic/oberdiek/hobsub-generic.sty
Package: hobsub-generic 2012/05/28 v1.13 Bundle oberdiek, subset generic (HO)
Package: hobsub 2012/05/28 v1.13 Construct package bundles (HO)
Package hobsub Info: Skipping package `infwarerr' (already loaded).
Package hobsub Info: Skipping package `ltxcmds' (already loaded).
Package: ifluatex 2010/03/01 v1.3 Provides the ifluatex switch (HO)
Package ifluatex Info: LuaTeX not detected.
Package hobsub Info: Skipping package `ifvtex' (already loaded).
Package: intcalc 2007/09/27 v1.1 Expandable calculations with integers (HO)
Package hobsub Info: Skipping package `ifpdf' (already loaded).
Package: etexcmds 2011/02/16 v1.5 Avoid name clashes with e-TeX commands (HO)
Package etexcmds Info: Could not find \expanded.
(etexcmds)             That can mean that you are not using pdfTeX 1.50 or
(etexcmds)             that some package has redefined \expanded.
(etexcmds)             In the latter case, load this package earlier.
Package: kvsetkeys 2012/04/25 v1.16 Key value parser (HO)
Package: kvdefinekeys 2011/04/07 v1.3 Define keys (HO)
Package: pdftexcmds 2011/11/29 v0.20 Utility functions of pdfTeX for LuaTeX (HO
)
Package pdftexcmds Info: LuaTeX not detected.
Package pdftexcmds Info: \pdf@primitive is available.
Package pdftexcmds Info: \pdf@ifprimitive is available.
Package pdftexcmds Info: \pdfdraftmode found.
Package: pdfescape 2011/11/25 v1.13 Implements pdfTeX's escape features (HO)
Package: bigintcalc 2012/04/08 v1.3 Expandable calculations on big integers (HO
)
Package: bitset 2011/01/30 v1.1 Handle bit-vector datatype (HO)
Package: uniquecounter 2011/01/30 v1.2 Provide unlimited unique counter (HO)
)
Package hobsub Info: Skipping package `hobsub' (already loaded).
Package: letltxmacro 2010/09/02 v1.4 Let assignment for LaTeX macros (HO)
Package: hopatch 2012/05/28 v1.2 Wrapper for package hooks (HO)
Package: xcolor-patch 2011/01/30 xcolor patch
Package: atveryend 2011/06/30 v1.8 Hooks at the very end of document (HO)
Package atveryend Info: \enddocument detected (standard20110627).
Package: atbegshi 2011/10/05 v1.16 At begin shipout hook (HO)
Package: refcount 2011/10/16 v3.4 Data extraction from label references (HO)
Package: hycolor 2011/01/30 v1.7 Color options for hyperref/bookmark (HO)
)
(/usr/local/texlive/2013/texmf-dist/tex/latex/oberdiek/auxhook.sty
Package: auxhook 2011/03/04 v1.3 Hooks for auxiliary files (HO)
)
(/usr/local/texlive/2013/texmf-dist/tex/latex/oberdiek/kvoptions.sty
Package: kvoptions 2011/06/30 v3.11 Key value format for package options (HO)
)
\@linkdim=\dimen161
\Hy@linkcounter=\count118
\Hy@pagecounter=\count119

(/usr/local/texlive/2013/texmf-dist/tex/latex/hyperref/pd1enc.def
File: pd1enc.def 2012/11/06 v6.83m Hyperref: PDFDocEncoding definition (HO)
)
\Hy@SavedSpaceFactor=\count120

(/usr/local/texlive/2013/texmf-dist/tex/latex/latexconfig/hyperref.cfg
File: hyperref.cfg 2002/06/06 v1.2 hyperref configuration of TeXLive
)
Package hyperref Info: Option `bookmarks' set `true' on input line 4319.
Package hyperref Info: Option `bookmarksopen' set `true' on input line 4319.
Package hyperref Info: Option `implicit' set `false' on input line 4319.
Package hyperref Info: Hyper figures OFF on input line 4443.
Package hyperref Info: Link nesting OFF on input line 4448.
Package hyperref Info: Hyper index ON on input line 4451.
Package hyperref Info: Plain pages OFF on input line 4458.
Package hyperref Info: Backreferencing OFF on input line 4463.
Package hyperref Info: Implicit mode OFF; no redefinition of LaTeX internals.
Package hyperref Info: Bookmarks ON on input line 4688.
\c@Hy@tempcnt=\count121

(/usr/local/texlive/2013/texmf-dist/tex/latex/url/url.sty
\Urlmuskip=\muskip10
Package: url 2006/04/12  ver 3.3  Verb mode for urls, etc.
)
LaTeX Info: Redefining \url on input line 5041.
\XeTeXLinkMargin=\dimen162
\Fld@menulength=\count122
\Field@Width=\dimen163
\Fld@charsize=\dimen164
Package hyperref Info: Hyper figures OFF on input line 6295.
Package hyperref Info: Link nesting OFF on input line 6300.
Package hyperref Info: Hyper index ON on input line 6303.
Package hyperref Info: backreferencing OFF on input line 6310.
Package hyperref Info: Link coloring OFF on input line 6315.
Package hyperref Info: Link coloring with OCG OFF on input line 6320.
Package hyperref Info: PDF/A mode OFF on input line 6325.
LaTeX Info: Redefining \ref on input line 6365.
LaTeX Info: Redefining \pageref on input line 6369.
\Hy@abspage=\count123


Package hyperref Message: Stopped early.

)

Package hyperref Message: Driver (autodetected): hpdftex.

(/usr/local/texlive/2013/texmf-dist/tex/latex/hyperref/hpdftex.def
File: hpdftex.def 2012/11/06 v6.83m Hyperref driver for pdfTeX
\Fld@listcount=\count124
\c@bookmark@seq@number=\count125

(/usr/local/texlive/2013/texmf-dist/tex/latex/oberdiek/rerunfilecheck.sty
Package: rerunfilecheck 2011/04/15 v1.7 Rerun checks for auxiliary files (HO)
Package uniquecounter Info: New unique counter `rerunfilecheck' on input line 2
82.
))
(/usr/local/texlive/2013/texmf-dist/tex/latex/beamer/beamerbaserequires.sty
Package: beamerbaserequires 2010/05/01  (rcs-revision efa082c6111d)

(/usr/local/texlive/2013/texmf-dist/tex/latex/beamer/beamerbasecompatibility.st
y
Package: beamerbasecompatibility 2012/05/01  (rcs-revision 67c48b3b652d)
) (/usr/local/texlive/2013/texmf-dist/tex/latex/beamer/beamerbasefont.sty
Package: beamerbasefont 2012/09/19  (rcs-revision 733629cd0c6c)

(/usr/local/texlive/2013/texmf-dist/tex/latex/amsfonts/amssymb.sty
Package: amssymb 2013/01/14 v3.01 AMS font symbols

(/usr/local/texlive/2013/texmf-dist/tex/latex/amsfonts/amsfonts.sty
Package: amsfonts 2013/01/14 v3.01 Basic AMSFonts support
\@emptytoks=\toks23
\symAMSa=\mathgroup4
\symAMSb=\mathgroup5
LaTeX Font Info:    Overwriting math alphabet `\mathfrak' in version `bold'
(Font)                  U/euf/m/n --> U/euf/b/n on input line 106.
)))
(/usr/local/texlive/2013/texmf-dist/tex/latex/beamer/beamerbasetranslator.sty
Package: beamerbasetranslator 2010/06/11  (rcs-revision 85fd1cc7fc42)

(/usr/local/texlive/2013/texmf-dist/tex/latex/beamer/translator/translator.sty
Package: translator 2010/06/12 ver 1.10

(/usr/local/texlive/2013/texmf-dist/tex/latex/beamer/translator/translator-lang
uage-mappings.tex)))
(/usr/local/texlive/2013/texmf-dist/tex/latex/beamer/beamerbasemisc.sty
Package: beamerbasemisc 2012/02/24  (rcs-revision 2ff5461be705)
)
(/usr/local/texlive/2013/texmf-dist/tex/latex/beamer/beamerbasetwoscreens.sty
Package: beamerbasetwoscreens 2010/05/01  (rcs-revision efa082c6111d)
)
(/usr/local/texlive/2013/texmf-dist/tex/latex/beamer/beamerbaseoverlay.sty
Package: beamerbaseoverlay 2012/11/11  (rcs-revision 6afbc49b1109)
\beamer@argscount=\count126
\beamer@lastskipcover=\skip44
\beamer@trivlistdepth=\count127
)
(/usr/local/texlive/2013/texmf-dist/tex/latex/beamer/beamerbasetitle.sty
Package: beamerbasetitle 2010/09/21  (rcs-revision f0446ed0b6ae)
)
(/usr/local/texlive/2013/texmf-dist/tex/latex/beamer/beamerbasesection.sty
Package: beamerbasesection 2013/01/04  (rcs-revision 54309ceef997)
\c@lecture=\count128
\c@part=\count129
\c@section=\count130
\c@subsection=\count131
\c@subsubsection=\count132
)
(/usr/local/texlive/2013/texmf-dist/tex/latex/beamer/beamerbaseframe.sty
Package: beamerbaseframe 2012/12/26  (rcs-revision 1443917db2cf)
\beamer@framebox=\box40
\beamer@frametitlebox=\box41
\beamer@zoombox=\box42
\beamer@zoomcount=\count133
\beamer@zoomframecount=\count134
\beamer@frametextheight=\dimen165
\c@subsectionslide=\count135
\beamer@frametopskip=\skip45
\beamer@framebottomskip=\skip46
\beamer@frametopskipautobreak=\skip47
\beamer@framebottomskipautobreak=\skip48
\beamer@envbody=\toks24
\framewidth=\dimen166
\c@framenumber=\count136
)
(/usr/local/texlive/2013/texmf-dist/tex/latex/beamer/beamerbaseverbatim.sty
Package: beamerbaseverbatim 2012/08/30  (rcs-revision dfdb135076b3)
\beamer@verbatimfileout=\write4
)
(/usr/local/texlive/2013/texmf-dist/tex/latex/beamer/beamerbaseframesize.sty
Package: beamerbaseframesize 2011/09/12  (rcs-revision 70f9d8411e54)
\beamer@splitbox=\box43
\beamer@autobreakcount=\count137
\beamer@autobreaklastheight=\dimen167
\beamer@frametitletoks=\toks25
\beamer@framesubtitletoks=\toks26
)
(/usr/local/texlive/2013/texmf-dist/tex/latex/beamer/beamerbaseframecomponents.
sty
Package: beamerbaseframecomponents 2012/09/13  (rcs-revision dcd846607320)
\beamer@footins=\box44
) (/usr/local/texlive/2013/texmf-dist/tex/latex/beamer/beamerbasecolor.sty
Package: beamerbasecolor 2010/06/06  (rcs-revision d1a9b48be06d)
)
(/usr/local/texlive/2013/texmf-dist/tex/latex/beamer/beamerbasenotes.sty
Package: beamerbasenotes 2012/12/19  (rcs-revision 1686da3db3c9)
\beamer@frameboxcopy=\box45
)
(/usr/local/texlive/2013/texmf-dist/tex/latex/beamer/beamerbasetoc.sty
Package: beamerbasetoc 2012/10/02  (rcs-revision 5ed0f4010e8a)
)
(/usr/local/texlive/2013/texmf-dist/tex/latex/beamer/beamerbasetemplates.sty
Package: beamerbasetemplates 2010/05/01  (rcs-revision efa082c6111d)
\beamer@sbttoks=\toks27

(/usr/local/texlive/2013/texmf-dist/tex/latex/beamer/beamerbaseauxtemplates.sty
Package: beamerbaseauxtemplates 2012/05/01  (rcs-revision 67c48b3b652d)
(/usr/local/texlive/2013/texmf-dist/tex/latex/beamer/beamerbaseboxes.sty
Package: beamerbaseboxes 2012/05/13  (rcs-revision 56972908a390)
\bmb@box=\box46
\bmb@colorbox=\box47
\bmb@boxshadow=\box48
\bmb@boxshadowball=\box49
\bmb@boxshadowballlarge=\box50
\bmb@temp=\dimen168
\bmb@dima=\dimen169
\bmb@dimb=\dimen170
\bmb@prevheight=\dimen171
)
\beamer@blockheadheight=\dimen172
))
(/usr/local/texlive/2013/texmf-dist/tex/latex/beamer/beamerbaselocalstructure.s
ty
Package: beamerbaselocalstructure 2012/11/13  (rcs-revision ddfba79dac19)
 (/usr/local/texlive/2013/texmf-dist/tex/latex/tools/enumerate.sty
Package: enumerate 1999/03/05 v3.00 enumerate extensions (DPC)
\@enLab=\toks28
)
\c@figure=\count138
\c@table=\count139
\abovecaptionskip=\skip49
\belowcaptionskip=\skip50
)
(/usr/local/texlive/2013/texmf-dist/tex/latex/beamer/beamerbasenavigation.sty
Package: beamerbasenavigation 2012/04/03  (rcs-revision 42a0f21a412d)
\beamer@section@min@dim=\dimen173
)
(/usr/local/texlive/2013/texmf-dist/tex/latex/beamer/beamerbasetheorems.sty
Package: beamerbasetheorems 2010/06/06  (rcs-revision 7e7cc5e53e9d)

(/usr/local/texlive/2013/texmf-dist/tex/latex/amsmath/amsmath.sty
Package: amsmath 2013/01/14 v2.14 AMS math features
\@mathmargin=\skip51

For additional information on amsmath, use the `?' option.
(/usr/local/texlive/2013/texmf-dist/tex/latex/amsmath/amstext.sty
Package: amstext 2000/06/29 v2.01

(/usr/local/texlive/2013/texmf-dist/tex/latex/amsmath/amsgen.sty
File: amsgen.sty 1999/11/30 v2.0
\@emptytoks=\toks29
\ex@=\dimen174
))
(/usr/local/texlive/2013/texmf-dist/tex/latex/amsmath/amsbsy.sty
Package: amsbsy 1999/11/29 v1.2d
\pmbraise@=\dimen175
)
(/usr/local/texlive/2013/texmf-dist/tex/latex/amsmath/amsopn.sty
Package: amsopn 1999/12/14 v2.01 operator names
)
\inf@bad=\count140
LaTeX Info: Redefining \frac on input line 210.
\uproot@=\count141
\leftroot@=\count142
LaTeX Info: Redefining \overline on input line 306.
\classnum@=\count143
\DOTSCASE@=\count144
LaTeX Info: Redefining \ldots on input line 378.
LaTeX Info: Redefining \dots on input line 381.
LaTeX Info: Redefining \cdots on input line 466.
\Mathstrutbox@=\box51
\strutbox@=\box52
\big@size=\dimen176
LaTeX Font Info:    Redeclaring font encoding OML on input line 566.
LaTeX Font Info:    Redeclaring font encoding OMS on input line 567.
\macc@depth=\count145
\c@MaxMatrixCols=\count146
\dotsspace@=\muskip11
\c@parentequation=\count147
\dspbrk@lvl=\count148
\tag@help=\toks30
\row@=\count149
\column@=\count150
\maxfields@=\count151
\andhelp@=\toks31
\eqnshift@=\dimen177
\alignsep@=\dimen178
\tagshift@=\dimen179
\tagwidth@=\dimen180
\totwidth@=\dimen181
\lineht@=\dimen182
\@envbody=\toks32
\multlinegap=\skip52
\multlinetaggap=\skip53
\mathdisplay@stack=\toks33
LaTeX Info: Redefining \[ on input line 2665.
LaTeX Info: Redefining \] on input line 2666.
)
(/usr/local/texlive/2013/texmf-dist/tex/latex/amscls/amsthm.sty
Package: amsthm 2004/08/06 v2.20
\thm@style=\toks34
\thm@bodyfont=\toks35
\thm@headfont=\toks36
\thm@notefont=\toks37
\thm@headpunct=\toks38
\thm@preskip=\skip54
\thm@postskip=\skip55
\thm@headsep=\skip56
\dth@everypar=\toks39
)
\c@theorem=\count152
)
(/usr/local/texlive/2013/texmf-dist/tex/latex/beamer/beamerbasethemes.sty
Package: beamerbasethemes 2010/05/01  (rcs-revision efa082c6111d)
))
(/usr/local/texlive/2013/texmf-dist/tex/latex/beamer/themes/theme/beamerthemede
fault.sty
Package: beamerthemedefault 2010/06/17  (rcs-revision d02a7cf4d8ae)

(/usr/local/texlive/2013/texmf-dist/tex/latex/beamer/themes/font/beamerfontthem
edefault.sty
Package: beamerfontthemedefault 2012/12/19  (rcs-revision 1686da3db3c9)
)
(/usr/local/texlive/2013/texmf-dist/tex/latex/beamer/themes/color/beamercolorth
emedefault.sty
Package: beamercolorthemedefault 2012/12/19  (rcs-revision 1686da3db3c9)
)
(/usr/local/texlive/2013/texmf-dist/tex/latex/beamer/themes/inner/beamerinnerth
emedefault.sty
Package: beamerinnerthemedefault 2012/05/01  (rcs-revision 67c48b3b652d)
\beamer@dima=\dimen183
\beamer@dimb=\dimen184
)
(/usr/local/texlive/2013/texmf-dist/tex/latex/beamer/themes/outer/beamerouterth
emedefault.sty
Package: beamerouterthemedefault 2012/12/19  (rcs-revision 1686da3db3c9)
)))
(/usr/local/texlive/2013/texmf-dist/tex/latex/graphics/epsfig.sty
Package: epsfig 1999/02/16 v1.7a (e)psfig emulation (SPQR)
\epsfxsize=\dimen185
\epsfysize=\dimen186
)
(/usr/local/texlive/2013/texmf-dist/tex/latex/doublestroke/dsfont.sty
Package: dsfont 1995/08/01 v0.1 Double stroke roman fonts
)
(/usr/local/texlive/2013/texmf-dist/tex/latex/natbib/natbib.sty
Package: natbib 2010/09/13 8.31b (PWD, AO)
\bibhang=\skip57
\bibsep=\skip58
LaTeX Info: Redefining \cite on input line 694.
\c@NAT@ctr=\count153
)
(/usr/local/texlive/2013/texmf-dist/tex/latex/pgf/basiclayer/pgf.sty
Package: pgf 2008/01/15 v2.10 (rcs-revision 1.12)

(/usr/local/texlive/2013/texmf-dist/tex/generic/pgf/modules/pgfmoduleshapes.cod
e.tex
File: pgfmoduleshapes.code.tex 2010/09/09  (rcs-revision 1.13)
\pgfnodeparttextbox=\box53
)
(/usr/local/texlive/2013/texmf-dist/tex/generic/pgf/modules/pgfmoduleplot.code.
tex
File: pgfmoduleplot.code.tex 2010/10/22  (rcs-revision 1.8)
)
(/usr/local/texlive/2013/texmf-dist/tex/latex/pgf/compatibility/pgfcomp-version
-0-65.sty
Package: pgfcomp-version-0-65 2007/07/03 v2.10 (rcs-revision 1.7)
\pgf@nodesepstart=\dimen187
\pgf@nodesepend=\dimen188
)
(/usr/local/texlive/2013/texmf-dist/tex/latex/pgf/compatibility/pgfcomp-version
-1-18.sty
Package: pgfcomp-version-1-18 2007/07/23 v2.10 (rcs-revision 1.1)
)) (/usr/local/texlive/2013/texmf-dist/tex/latex/fancyhdr/fancyhdr.sty
\fancy@headwidth=\skip59
\f@ncyO@elh=\skip60
\f@ncyO@erh=\skip61
\f@ncyO@olh=\skip62
\f@ncyO@orh=\skip63
\f@ncyO@elf=\skip64
\f@ncyO@erf=\skip65
\f@ncyO@olf=\skip66
\f@ncyO@orf=\skip67
) (/usr/local/texlive/2013/texmf-dist/tex/latex/lastpage/lastpage.sty
Package: lastpage 2013/01/28 v1.2l Refers to last page's name (HMM; JPG)
)
(/usr/local/texlive/2013/texmf-dist/tex/latex/setspace/setspace.sty
Package: setspace 2011/12/19 v6.7a set line spacing
)
(./Sec1_Intro.aux)
\openout1 = `Sec1_Intro.aux'.

LaTeX Font Info:    Checking defaults for OML/cmm/m/it on input line 55.
LaTeX Font Info:    ... okay on input line 55.
LaTeX Font Info:    Checking defaults for T1/cmr/m/n on input line 55.
LaTeX Font Info:    ... okay on input line 55.
LaTeX Font Info:    Checking defaults for OT1/cmr/m/n on input line 55.
LaTeX Font Info:    ... okay on input line 55.
LaTeX Font Info:    Checking defaults for OMS/cmsy/m/n on input line 55.
LaTeX Font Info:    ... okay on input line 55.
LaTeX Font Info:    Checking defaults for OMX/cmex/m/n on input line 55.
LaTeX Font Info:    ... okay on input line 55.
LaTeX Font Info:    Checking defaults for U/cmr/m/n on input line 55.
LaTeX Font Info:    ... okay on input line 55.
LaTeX Font Info:    Checking defaults for PD1/pdf/m/n on input line 55.
LaTeX Font Info:    ... okay on input line 55.

*geometry* driver: auto-detecting
*geometry* detected driver: pdftex
*geometry* verbose mode - [ preamble ] result:
* driver: pdftex
* paper: custom
* layout: <same size as paper>
* layoutoffset:(h,v)=(0.0pt,0.0pt)
* modes: includehead includefoot 
* h-part:(L,W,R)=(28.45274pt, 307.28987pt, 28.45274pt)
* v-part:(T,H,B)=(0.0pt, 273.14662pt, 0.0pt)
* \paperwidth=364.19536pt
* \paperheight=273.14662pt
* \textwidth=307.28987pt
* \textheight=244.6939pt
* \oddsidemargin=-43.81725pt
* \evensidemargin=-43.81725pt
* \topmargin=-72.26999pt
* \headheight=14.22636pt
* \headsep=0.0pt
* \topskip=11.0pt
* \footskip=14.22636pt
* \marginparwidth=4.0pt
* \marginparsep=10.0pt
* \columnsep=10.0pt
* \skip\footins=10.0pt plus 4.0pt minus 2.0pt
* \hoffset=0.0pt
* \voffset=0.0pt
* \mag=1000
* \@twocolumnfalse
* \@twosidefalse
* \@mparswitchfalse
* \@reversemarginfalse
* (1in=72.27pt=25.4mm, 1cm=28.453pt)

(/usr/local/texlive/2013/texmf-dist/tex/context/base/supp-pdf.mkii
[Loading MPS to PDF converter (version 2006.09.02).]
\scratchcounter=\count154
\scratchdimen=\dimen189
\scratchbox=\box54
\nofMPsegments=\count155
\nofMParguments=\count156
\everyMPshowfont=\toks40
\MPscratchCnt=\count157
\MPscratchDim=\dimen190
\MPnumerator=\count158
\makeMPintoPDFobject=\count159
\everyMPtoPDFconversion=\toks41
) (/usr/local/texlive/2013/texmf-dist/tex/latex/oberdiek/epstopdf-base.sty
Package: epstopdf-base 2010/02/09 v2.5 Base part for package epstopdf

(/usr/local/texlive/2013/texmf-dist/tex/latex/oberdiek/grfext.sty
Package: grfext 2010/08/19 v1.1 Manage graphics extensions (HO)
)
Package grfext Info: Graphics extension search list:
(grfext)             [.png,.pdf,.jpg,.mps,.jpeg,.jbig2,.jb2,.PNG,.PDF,.JPG,.JPE
G,.JBIG2,.JB2,.eps]
(grfext)             \AppendGraphicsExtensions on input line 452.

(/usr/local/texlive/2013/texmf-dist/tex/latex/latexconfig/epstopdf-sys.cfg
File: epstopdf-sys.cfg 2010/07/13 v1.3 Configuration of (r)epstopdf for TeX Liv
e
))
ABD: EveryShipout initializing macros
\AtBeginShipoutBox=\box55
Package hyperref Info: Link coloring OFF on input line 55.

(/usr/local/texlive/2013/texmf-dist/tex/latex/hyperref/nameref.sty
Package: nameref 2012/10/27 v2.43 Cross-referencing by name of section

(/usr/local/texlive/2013/texmf-dist/tex/generic/oberdiek/gettitlestring.sty
Package: gettitlestring 2010/12/03 v1.4 Cleanup title references (HO)
)
\c@section@level=\count160
)
LaTeX Info: Redefining \ref on input line 55.
LaTeX Info: Redefining \pageref on input line 55.
LaTeX Info: Redefining \nameref on input line 55.

(./Sec1_Intro.out) (./Sec1_Intro.out)
\@outlinefile=\write5
\openout5 = `Sec1_Intro.out'.

LaTeX Font Info:    Overwriting symbol font `operators' in version `normal'
(Font)                  OT1/cmr/m/n --> OT1/cmss/m/n on input line 55.
LaTeX Font Info:    Overwriting symbol font `operators' in version `bold'
(Font)                  OT1/cmr/bx/n --> OT1/cmss/bx/n on input line 55.
\symnumbers=\mathgroup6
\sympureletters=\mathgroup7
LaTeX Font Info:    Overwriting math alphabet `\mathrm' in version `normal'
(Font)                  OT1/cmss/m/n --> OT1/cmr/m/n on input line 55.
LaTeX Font Info:    Redeclaring math alphabet \mathbf on input line 55.
LaTeX Font Info:    Overwriting math alphabet `\mathbf' in version `normal'
(Font)                  OT1/cmr/bx/n --> OT1/cmss/bx/n on input line 55.
LaTeX Font Info:    Overwriting math alphabet `\mathbf' in version `bold'
(Font)                  OT1/cmr/bx/n --> OT1/cmss/bx/n on input line 55.
LaTeX Font Info:    Redeclaring math alphabet \mathsf on input line 55.
LaTeX Font Info:    Overwriting math alphabet `\mathsf' in version `normal'
(Font)                  OT1/cmss/m/n --> OT1/cmss/m/n on input line 55.
LaTeX Font Info:    Overwriting math alphabet `\mathsf' in version `bold'
(Font)                  OT1/cmss/bx/n --> OT1/cmss/m/n on input line 55.
LaTeX Font Info:    Redeclaring math alphabet \mathit on input line 55.
LaTeX Font Info:    Overwriting math alphabet `\mathit' in version `normal'
(Font)                  OT1/cmr/m/it --> OT1/cmss/m/it on input line 55.
LaTeX Font Info:    Overwriting math alphabet `\mathit' in version `bold'
(Font)                  OT1/cmr/bx/it --> OT1/cmss/m/it on input line 55.
LaTeX Font Info:    Redeclaring math alphabet \mathtt on input line 55.
LaTeX Font Info:    Overwriting math alphabet `\mathtt' in version `normal'
(Font)                  OT1/cmtt/m/n --> OT1/cmtt/m/n on input line 55.
LaTeX Font Info:    Overwriting math alphabet `\mathtt' in version `bold'
(Font)                  OT1/cmtt/m/n --> OT1/cmtt/m/n on input line 55.
LaTeX Font Info:    Overwriting symbol font `numbers' in version `bold'
(Font)                  OT1/cmss/m/n --> OT1/cmss/bx/n on input line 55.
LaTeX Font Info:    Overwriting symbol font `pureletters' in version `bold'
(Font)                  OT1/cmss/m/it --> OT1/cmss/bx/it on input line 55.
LaTeX Font Info:    Overwriting math alphabet `\mathrm' in version `bold'
(Font)                  OT1/cmss/bx/n --> OT1/cmr/bx/n on input line 55.
LaTeX Font Info:    Overwriting math alphabet `\mathbf' in version `bold'
(Font)                  OT1/cmss/bx/n --> OT1/cmss/bx/n on input line 55.
LaTeX Font Info:    Overwriting math alphabet `\mathsf' in version `bold'
(Font)                  OT1/cmss/m/n --> OT1/cmss/bx/n on input line 55.
LaTeX Font Info:    Overwriting math alphabet `\mathit' in version `bold'
(Font)                  OT1/cmss/m/it --> OT1/cmss/bx/it on input line 55.
LaTeX Font Info:    Overwriting math alphabet `\mathtt' in version `bold'
(Font)                  OT1/cmtt/m/n --> OT1/cmtt/bx/n on input line 55.

(/usr/local/texlive/2013/texmf-dist/tex/latex/beamer/translator/dicts/translato
r-basic-dictionary/translator-basic-dictionary-English.dict
Dictionary: translator-basic-dictionary, Language: English 
)
(/usr/local/texlive/2013/texmf-dist/tex/latex/beamer/translator/dicts/translato
r-bibliography-dictionary/translator-bibliography-dictionary-English.dict
Dictionary: translator-bibliography-dictionary, Language: English 
)
(/usr/local/texlive/2013/texmf-dist/tex/latex/beamer/translator/dicts/translato
r-environment-dictionary/translator-environment-dictionary-English.dict
Dictionary: translator-environment-dictionary, Language: English 
)
(/usr/local/texlive/2013/texmf-dist/tex/latex/beamer/translator/dicts/translato
r-months-dictionary/translator-months-dictionary-English.dict
Dictionary: translator-months-dictionary, Language: English 
)
(/usr/local/texlive/2013/texmf-dist/tex/latex/beamer/translator/dicts/translato
r-numbers-dictionary/translator-numbers-dictionary-English.dict
Dictionary: translator-numbers-dictionary, Language: English 
)
(/usr/local/texlive/2013/texmf-dist/tex/latex/beamer/translator/dicts/translato
r-theorem-dictionary/translator-theorem-dictionary-English.dict
Dictionary: translator-theorem-dictionary, Language: English 
)
LaTeX Info: Redefining \includegraphics on input line 55.
Package lastpage Info: Please have a look at the pageslts package at
(lastpage)             http://www.ctan.org/tex-archive/ 
(lastpage)             macros/latex/contrib/pageslts/ 
(lastpage)             or
(lastpage)             http://www.ctan.org/tex-archive/ 
(lastpage)             install/macros/latex/contrib/pageslts.tds.zip
(lastpage)             ! on input line 55.

(./Sec1_Intro.nav)

Package hyperref Warning: Option `pdfauthor' has already been used,
(hyperref)                setting the option has no effect on input line 60.

<LogoMSBA.png, id=41, 291.2481pt x 94.1919pt>
File: LogoMSBA.png Graphic file (type png)
 <use LogoMSBA.png>
Package pdftex.def Info: LogoMSBA.png used on input line 65.
(pdftex.def)             Requested size: 216.81pt x 70.12057pt.
 [1

{/usr/local/texlive/2013/texmf-var/fonts/map/pdftex/updmap/pdftex.map} <./LogoM
SBA.png>]
(./Sec1_Intro.toc
LaTeX Font Info:    Try loading font information for U+msa on input line 8.

(/usr/local/texlive/2013/texmf-dist/tex/latex/amsfonts/umsa.fd
File: umsa.fd 2013/01/14 v3.01 AMS symbols A
)
LaTeX Font Info:    Try loading font information for U+msb on input line 8.

(/usr/local/texlive/2013/texmf-dist/tex/latex/amsfonts/umsb.fd
File: umsb.fd 2013/01/14 v3.01 AMS symbols B
))
Overfull \hbox (54.06012pt too wide) in paragraph at lines 73--77
[]$[]$  
 []

[0

] [1] <Boston1.pdf, id=100, 505.89pt x 505.89pt>
File: Boston1.pdf Graphic file (type pdf)
 <use Boston1.pdf>
Package pdftex.def Info: Boston1.pdf used on input line 113.
(pdftex.def)             Requested size: 216.81pt x 216.81056pt.

Overfull \vbox (2.0649pt too high) detected at line 113
 []

[2

 <./Boston1.pdf>] <Boston2.pdf, id=164, 505.89pt x 505.89pt>
File: Boston2.pdf Graphic file (type pdf)

<use Boston2.pdf>
Package pdftex.def Info: Boston2.pdf used on input line 128.
(pdftex.def)             Requested size: 216.81pt x 216.81056pt.
 [3

 <./Boston2.pdf>]
<Boston3.pdf, id=227, 505.89pt x 505.89pt>
File: Boston3.pdf Graphic file (type pdf)
 <use Boston3.pdf>
Package pdftex.def Info: Boston3.pdf used on input line 142.
(pdftex.def)             Requested size: 216.81pt x 216.81056pt.
 [4

 <./Boston3.pdf>] <Boston4.pdf, id=291, 505.89pt x 505.89pt>
File: Boston4.pdf Graphic file (type pdf)
 <use Boston4.pdf>
Package pdftex.def Info: Boston4.pdf used on input line 156.
(pdftex.def)             Requested size: 216.81pt x 216.81056pt.
 [5

 <./Boston4.pdf>] <Gareth2-4.pdf, id=355, 477.785pt x 382.42876pt>
File: Gareth2-4.pdf Graphic file (type pdf)
 <use Gareth2-4.pdf>
Package pdftex.def Info: Gareth2-4.pdf used on input line 176.
(pdftex.def)             Requested size: 130.08621pt x 104.12077pt.

<Gareth2-5.pdf, id=356, 477.785pt x 382.42876pt>
File: Gareth2-5.pdf Graphic file (type pdf)
 <use Gareth2-5.pdf>
Package pdftex.def Info: Gareth2-5.pdf used on input line 176.
(pdftex.def)             Requested size: 130.08621pt x 104.12077pt.

Overfull \vbox (0.79771pt too high) detected at line 176
 []

[6

 <./Gareth2-4.pdf> <./Gareth2-5.pdf>]
File: Boston2.pdf Graphic file (type pdf)
 <use Boston2.pdf>
Package pdftex.def Info: Boston2.pdf used on input line 188.
(pdftex.def)             Requested size: 151.76744pt x 151.76816pt.
File: Boston4.pdf Graphic file (type pdf)
 <use Boston4.pdf>
Package pdftex.def Info: Boston4.pdf used on input line 188.
(pdftex.def)             Requested size: 151.76744pt x 151.76816pt.

Overfull \hbox (20.24504pt too wide) in paragraph at lines 188--188
[][]  
 []

[7

]
File: Boston2.pdf Graphic file (type pdf)
 <use Boston2.pdf>
Package pdftex.def Info: Boston2.pdf used on input line 211.
(pdftex.def)             Requested size: 151.76744pt x 151.76816pt.

Overfull \hbox (32.52238pt too wide) in paragraph at lines 211--211
 [] 
 []

[8

] [9

] <k20-1.pdf, id=386, 505.89pt x 505.89pt>
File: k20-1.pdf Graphic file (type pdf)
 <use k20-1.pdf>
Package pdftex.def Info: k20-1.pdf used on input line 237.
(pdftex.def)             Requested size: 216.81pt x 216.81056pt.
 [10

 <./k20-1.pdf>] <k20-2.pdf, id=455, 505.89pt x 505.89pt>
File: k20-2.pdf Graphic file (type pdf)
 <use k20-2.pdf>
Package pdftex.def Info: k20-2.pdf used on input line 247.
(pdftex.def)             Requested size: 216.81pt x 216.81056pt.
 [11

 <./k20-2.pdf>] <k20-3.pdf, id=524, 505.89pt x 505.89pt>
File: k20-3.pdf Graphic file (type pdf)
 <use k20-3.pdf>
Package pdftex.def Info: k20-3.pdf used on input line 256.
(pdftex.def)             Requested size: 216.81pt x 216.81056pt.
 [12

 <./k20-3.pdf>]
<k20-4.pdf, id=593, 505.89pt x 505.89pt>
File: k20-4.pdf Graphic file (type pdf)
 <use k20-4.pdf>
Package pdftex.def Info: k20-4.pdf used on input line 264.
(pdftex.def)             Requested size: 216.81pt x 216.81056pt.
 [13

 <./k20-4.pdf>]
<k20-5.pdf, id=661, 505.89pt x 505.89pt>
File: k20-5.pdf Graphic file (type pdf)
 <use k20-5.pdf>
Package pdftex.def Info: k20-5.pdf used on input line 273.
(pdftex.def)             Requested size: 216.81pt x 216.81056pt.
 [14

 <./k20-5.pdf>]
<k20-6.pdf, id=730, 505.89pt x 505.89pt>
File: k20-6.pdf Graphic file (type pdf)
 <use k20-6.pdf>
Package pdftex.def Info: k20-6.pdf used on input line 281.
(pdftex.def)             Requested size: 216.81pt x 216.81056pt.
 [15

 <./k20-6.pdf>]
<k2.pdf, id=798, 505.89pt x 505.89pt>
File: k2.pdf Graphic file (type pdf)
 <use k2.pdf>
Package pdftex.def Info: k2.pdf used on input line 294.
(pdftex.def)             Requested size: 216.81pt x 216.81056pt.

Overfull \vbox (11.29025pt too high) detected at line 294
 []

[16

 <./k2.pdf>] <k10.pdf, id=867, 505.89pt x 505.89pt>
File: k10.pdf Graphic file (type pdf)
 <use k10.pdf>
Package pdftex.def Info: k10.pdf used on input line 306.
(pdftex.def)             Requested size: 216.81pt x 216.81056pt.

Overfull \vbox (11.29025pt too high) detected at line 306
 []

[17

 <./k10.pdf>] <k50.pdf, id=937, 505.89pt x 505.89pt>
File: k50.pdf Graphic file (type pdf)
 <use k50.pdf>
Package pdftex.def Info: k50.pdf used on input line 318.
(pdftex.def)             Requested size: 216.81pt x 216.81056pt.

Overfull \vbox (11.29025pt too high) detected at line 318
 []

[18

 <./k50.pdf>] <k100.pdf, id=1005, 505.89pt x 505.89pt>
File: k100.pdf Graphic file (type pdf)
 <use k100.pdf>
Package pdftex.def Info: k100.pdf used on input line 329.
(pdftex.def)             Requested size: 216.81pt x 216.81056pt.

Overfull \vbox (11.29025pt too high) detected at line 329
 []

[19

 <./k100.pdf>] <k150.pdf, id=1074, 505.89pt x 505.89pt>
File: k150.pdf Graphic file (type pdf)
 <use k150.pdf>
Package pdftex.def Info: k150.pdf used on input line 340.
(pdftex.def)             Requested size: 216.81pt x 216.81056pt.

Overfull \vbox (11.29025pt too high) detected at line 340
 []

[20

 <./k150.pdf>] <k200.pdf, id=1142, 505.89pt x 505.89pt>
File: k200.pdf Graphic file (type pdf)
 <use k200.pdf>
Package pdftex.def Info: k200.pdf used on input line 351.
(pdftex.def)             Requested size: 216.81pt x 216.81056pt.

Overfull \vbox (11.29025pt too high) detected at line 351
 []

[21

 <./k200.pdf>] <k400.pdf, id=1211, 505.89pt x 505.89pt>
File: k400.pdf Graphic file (type pdf)
 <use k400.pdf>
Package pdftex.def Info: k400.pdf used on input line 362.
(pdftex.def)             Requested size: 216.81pt x 216.81056pt.

Overfull \vbox (11.29025pt too high) detected at line 362
 []

[22

 <./k400.pdf>] <k550.pdf, id=1279, 505.89pt x 505.89pt>
File: k550.pdf Graphic file (type pdf)
 <use k550.pdf>
Package pdftex.def Info: k550.pdf used on input line 373.
(pdftex.def)             Requested size: 216.81pt x 216.81056pt.

Overfull \vbox (11.29025pt too high) detected at line 373
 []

[23

 <./k550.pdf>]
File: Boston2.pdf Graphic file (type pdf)
 <use Boston2.pdf>
Package pdftex.def Info: Boston2.pdf used on input line 400.
(pdftex.def)             Requested size: 101.17755pt x 101.1762pt.
File: k150.pdf Graphic file (type pdf)
 <use k150.pdf>
Package pdftex.def Info: k150.pdf used on input line 400.
(pdftex.def)             Requested size: 101.17755pt x 101.1762pt.
File: k2.pdf Graphic file (type pdf)
 <use k2.pdf>
Package pdftex.def Info: k2.pdf used on input line 400.
(pdftex.def)             Requested size: 101.17755pt x 101.1762pt.

Overfull \hbox (32.24278pt too wide) in paragraph at lines 400--400
 [] 
 []


Overfull \vbox (7.55495pt too high) detected at line 400
 []

[24

] [25

]
File: k550.pdf Graphic file (type pdf)
 <use k550.pdf>
Package pdftex.def Info: k550.pdf used on input line 440.
(pdftex.def)             Requested size: 101.17755pt x 101.1762pt.
File: k150.pdf Graphic file (type pdf)
 <use k150.pdf>
Package pdftex.def Info: k150.pdf used on input line 440.
(pdftex.def)             Requested size: 101.17755pt x 101.1762pt.
File: k2.pdf Graphic file (type pdf)
 <use k2.pdf>
Package pdftex.def Info: k2.pdf used on input line 440.
(pdftex.def)             Requested size: 101.17755pt x 101.1762pt.

Overfull \hbox (32.24278pt too wide) in paragraph at lines 440--440
 [] 
 []

<BostonRMSE-0.pdf, id=1355, 505.89pt x 505.89pt>
File: BostonRMSE-0.pdf Graphic file (type pdf)
 <use BostonRMSE-0.pdf>
Package pdftex.def Info: BostonRMSE-0.pdf used on input line 440.
(pdftex.def)             Requested size: 158.99377pt x 158.99338pt.

Overfull \hbox (7.22633pt too wide) in paragraph at lines 440--440
 [] 
 []

[26

 <./BostonRMSE-0.pdf>] [27

]
<BostonRMSE_OOS.pdf, id=1458, 505.89pt x 505.89pt>
File: BostonRMSE_OOS.pdf Graphic file (type pdf)
 <use BostonRMSE_OOS.pdf>
Package pdftex.def Info: BostonRMSE_OOS.pdf used on input line 485.
(pdftex.def)             Requested size: 187.90244pt x 187.90196pt.

Overfull \hbox (7.22745pt too wide) in paragraph at lines 485--485
 [] 
 []

[28

 <./BostonRMSE_OOS.pdf>] <ESL_2-11.pdf, id=1561, 374.82816pt x 268.14087pt>
File: ESL_2-11.pdf Graphic file (type pdf)

<use ESL_2-11.pdf>
Package pdftex.def Info: ESL_2-11.pdf used on input line 498.
(pdftex.def)             Requested size: 216.81pt x 155.10446pt.
 [29

 <./ESL_2-11.pdf>] [30

]
<knn2VAR.pdf, id=1613, 1003.67104pt x 448.1309pt>
File: knn2VAR.pdf Graphic file (type pdf)
 <use knn2VAR.pdf>
Package pdftex.def Info: knn2VAR.pdf used on input line 527.
(pdftex.def)             Requested size: 325.215pt x 145.20319pt.

Overfull \hbox (17.92513pt too wide) in paragraph at lines 527--527
 [] 
 []

[31

 <./knn2VAR.pdf>] <knn20VAR.pdf, id=1792, 1003.67104pt x 448.1309pt>
File: knn20VAR.pdf Graphic file (type pdf)

<use knn20VAR.pdf>
Package pdftex.def Info: knn20VAR.pdf used on input line 537.
(pdftex.def)             Requested size: 325.215pt x 145.20319pt.

Overfull \hbox (17.92513pt too wide) in paragraph at lines 537--537
 [] 
 []

[32

 <./knn20VAR.pdf>] [33

] [34

] [35

]
File: ESL_2-11.pdf Graphic file (type pdf)
 <use ESL_2-11.pdf>
Package pdftex.def Info: ESL_2-11.pdf used on input line 589.
(pdftex.def)             Requested size: 216.81pt x 155.10446pt.
 [36

] [37

]
Overfull \hbox (17.5856pt too wide) in alignment at lines 624--624
 [][][] []
 []

[38

] <NBA1.pdf, id=1991, 771.06973pt x 428.92528pt>
File: NBA1.pdf Graphic file (type pdf)
 <use NBA1.pdf>
Package pdftex.def Info: NBA1.pdf used on input line 637.
(pdftex.def)             Requested size: 252.94499pt x 140.70148pt.

Overfull \vbox (0.40753pt too high) detected at line 637
 []

[39

 <./NBA1.pdf>] <NBAModels.pdf, id=2133, 829.39781pt x 675.04166pt>
File: NBAModels.pdf Graphic file (type pdf)

<use NBAModels.pdf>
Package pdftex.def Info: NBAModels.pdf used on input line 649.
(pdftex.def)             Requested size: 238.49121pt x 194.09871pt.

Overfull \vbox (11.87718pt too high) detected at line 649
 []

[40

 <./NBAModels.pdf>] [41

] [42

] [43

] [44

] [45

]
<Boston_LOOCV.pdf, id=2444, 505.89pt x 505.89pt>
File: Boston_LOOCV.pdf Graphic file (type pdf)
 <use Boston_LOOCV.pdf>
Package pdftex.def Info: Boston_LOOCV.pdf used on input line 740.
(pdftex.def)             Requested size: 158.99377pt x 158.99338pt.

<Bostonk40.pdf, id=2445, 505.89pt x 505.89pt>
File: Bostonk40.pdf Graphic file (type pdf)
 <use Bostonk40.pdf>
Package pdftex.def Info: Bostonk40.pdf used on input line 740.
(pdftex.def)             Requested size: 158.99377pt x 158.99338pt.

Overfull \hbox (34.69768pt too wide) in paragraph at lines 740--740
 [] 
 []

[46

 <./Boston_LOOCV.pdf> <./Bostonk40.pdf>] [47

]
<Boston_kfold5.pdf, id=2598, 505.89pt x 505.89pt>
File: Boston_kfold5.pdf Graphic file (type pdf)
 <use Boston_kfold5.pdf>
Package pdftex.def Info: Boston_kfold5.pdf used on input line 771.
(pdftex.def)             Requested size: 158.99377pt x 158.99338pt.

<Boston_kfold10.pdf, id=2599, 505.89pt x 505.89pt>
File: Boston_kfold10.pdf Graphic file (type pdf)
 <use Boston_kfold10.pdf>
Package pdftex.def Info: Boston_kfold10.pdf used on input line 771.
(pdftex.def)             Requested size: 158.99377pt x 158.99338pt.

Overfull \hbox (34.69768pt too wide) in paragraph at lines 771--771
 [] 
 []

[48

 <./Boston_kfold5.pdf> <./Boston_kfold10.pdf>] [49

]

Package hyperref Warning: Token not allowed in a PDF string (PDFDocEncoding):
(hyperref)                removing `math shift' on input line 786.


Package hyperref Warning: Token not allowed in a PDF string (PDFDocEncoding):
(hyperref)                removing `math shift' on input line 786.

[50

]
Overfull \vbox (2.63347pt too high) detected at line 817
 []

[51

] <glass0.pdf, id=2787, 314.91537pt x 206.62163pt>
File: glass0.pdf Graphic file (type pdf)
 <use glass0.pdf>
Package pdftex.def Info: glass0.pdf used on input line 829.
(pdftex.def)             Requested size: 314.9146pt x 206.62111pt.

Overfull \hbox (7.62473pt too wide) in paragraph at lines 829--829
 [] 
 []

[52

 <./glass0.pdf>] <glass1.pdf, id=2825, 722.7pt x 517.12877pt>
File: glass1.pdf Graphic file (type pdf)

<use glass1.pdf>
Package pdftex.def Info: glass1.pdf used on input line 843.
(pdftex.def)             Requested size: 289.07999pt x 206.84784pt.
 [53

 <./glass1.pdf>] <knn1.pdf, id=3271, 505.89pt x 505.89pt>
File: knn1.pdf Graphic file (type pdf)

<use knn1.pdf>
Package pdftex.def Info: knn1.pdf used on input line 857.
(pdftex.def)             Requested size: 238.49121pt x 238.49393pt.

Overfull \vbox (15.97362pt too high) detected at line 857
 []

[54

 <./knn1.pdf>] <knn2.pdf, id=3359, 505.89pt x 505.89pt>
File: knn2.pdf Graphic file (type pdf)
 <use knn2.pdf>
Package pdftex.def Info: knn2.pdf used on input line 869.
(pdftex.def)             Requested size: 245.71754pt x 245.71915pt.

Overfull \vbox (4.06967pt too high) detected at line 869
 []

[55

 <./knn2.pdf>] <knn3.pdf, id=3444, 505.89pt x 505.89pt>
File: knn3.pdf Graphic file (type pdf)
 <use knn3.pdf>
Package pdftex.def Info: knn3.pdf used on input line 881.
(pdftex.def)             Requested size: 252.94499pt x 252.94437pt.

Overfull \vbox (11.29489pt too high) detected at line 881
 []

[56

 <./knn3.pdf>] <knn4.pdf, id=3533, 505.89pt x 505.89pt>
File: knn4.pdf Graphic file (type pdf)
 <use knn4.pdf>
Package pdftex.def Info: knn4.pdf used on input line 893.
(pdftex.def)             Requested size: 252.94499pt x 252.94437pt.

Overfull \vbox (11.29489pt too high) detected at line 893
 []

[57

 <./knn4.pdf>] [58

] [59

] [60

]
<CAL500.pdf, id=3629, 753.99802pt x 613.86824pt>
File: CAL500.pdf Graphic file (type pdf)
 <use CAL500.pdf>
Package pdftex.def Info: CAL500.pdf used on input line 944.
(pdftex.def)             Requested size: 289.07999pt x 235.36116pt.

Overfull \vbox (17.91325pt too high) detected at line 944
 []

[61

 <./CAL500.pdf>] <CAL10.pdf, id=3652, 753.99802pt x 613.86824pt>
File: CAL10.pdf Graphic file (type pdf)

<use CAL10.pdf>
Package pdftex.def Info: CAL10.pdf used on input line 955.
(pdftex.def)             Requested size: 289.07999pt x 235.36116pt.
 [62

 <./CAL10.pdf>] <CALknn.pdf, id=3675, 505.89pt x 505.89pt>
File: CALknn.pdf Graphic file (type pdf)

<use CALknn.pdf>
Package pdftex.def Info: CALknn.pdf used on input line 965.
(pdftex.def)             Requested size: 216.81pt x 216.81056pt.

Overfull \vbox (2.38745pt too high) detected at line 965
 []

[63

 <./CALknn.pdf>] <CALknnIcome.pdf, id=3769, 505.89pt x 505.89pt>
File: CALknnIcome.pdf Graphic file (type pdf)

<use CALknnIcome.pdf>
Package pdftex.def Info: CALknnIcome.pdf used on input line 976.
(pdftex.def)             Requested size: 216.81pt x 216.81056pt.

Overfull \vbox (4.51662pt too high) detected at line 976
 []

[64

 <./CALknnIcome.pdf>] <CALIncomek9.pdf, id=3862, 940.36359pt x 662.94919pt>
File: CALIncomek9.pdf Graphic file (type pdf)

<use CALIncomek9.pdf>
Package pdftex.def Info: CALIncomek9.pdf used on input line 987.
(pdftex.def)             Requested size: 289.07999pt x 203.80255pt.
 [65

 <./CALIncomek9.pdf>]
\tf@nav=\write6
\openout6 = `Sec1_Intro.nav'.

\tf@toc=\write7
\openout7 = `Sec1_Intro.toc'.

\tf@snm=\write8
\openout8 = `Sec1_Intro.snm'.



AED: lastpage setting LastPage
Package atveryend Info: Empty hook `BeforeClearDocument' on input line 994.
Package atveryend Info: Empty hook `AfterLastShipout' on input line 994.
(./Sec1_Intro.aux)
Package atveryend Info: Executing hook `AtVeryEndDocument' on input line 994.
Package atveryend Info: Executing hook `AtEndAfterFileList' on input line 994.
Package rerunfilecheck Info: File `Sec1_Intro.out' has not changed.
(rerunfilecheck)             Checksum: 41E3BD59E6003EA37D4BFF35064FC36A;401.
Package atveryend Info: Empty hook `AtVeryVeryEnd' on input line 994.
 ) 
Here is how much of TeX's memory you used:
 16906 strings out of 493315
 310703 string characters out of 6137904
 386226 words of memory out of 5000000
 19888 multiletter control sequences out of 15000+600000
 16276 words of font info for 61 fonts, out of 8000000 for 9000
 957 hyphenation exceptions out of 8191
 49i,11n,53p,451b,476s stack positions out of 5000i,500n,10000p,200000b,80000s
pdfTeX warning (dest): name{Navigation65} has been referenced but does not ex
ist, replaced by a fixed one

pdfTeX warning (dest): name{Navigation24} has been referenced but does not exis
t, replaced by a fixed one

pdfTeX warning (dest): name{Navigation2} has been referenced but does not exist
, replaced by a fixed one

pdfTeX warning (dest): name{Navigation50} has been referenced but does not exis
t, replaced by a fixed one

pdfTeX warning (dest): name{Navigation44} has been referenced but does not exis
t, replaced by a fixed one

pdfTeX warning (dest): name{Navigation39} has been referenced but does not exis
t, replaced by a fixed one

pdfTeX warning (dest): name{Navigation30} has been referenced but does not exis
t, replaced by a fixed one

pdfTeX warning (dest): name{Navigation27} has been referenced but does not exis
t, replaced by a fixed one

pdfTeX warning (dest): name{Navigation25} has been referenced but does not exis
t, replaced by a fixed one

pdfTeX warning (dest): name{Navigation1} has been referenced but does not exist
, replaced by a fixed one

</usr/local/texlive/2013/texmf-dist/fonts/type1/public/amsfonts/cm/cmbx9.pfb></
usr/local/texlive/2013/texmf-dist/fonts/type1/public/amsfonts/cm/cmex10.pfb></u
sr/local/texlive/2013/texmf-dist/fonts/type1/public/amsfonts/cm/cmmi10.pfb></us
r/local/texlive/2013/texmf-dist/fonts/type1/public/amsfonts/cm/cmr5.pfb></usr/l
ocal/texlive/2013/texmf-dist/fonts/type1/public/amsfonts/cm/cmr7.pfb></usr/loca
l/texlive/2013/texmf-dist/fonts/type1/public/amsfonts/cm/cmr9.pfb></usr/local/t
exlive/2013/texmf-dist/fonts/type1/public/amsfonts/cm/cmss10.pfb></usr/local/te
xlive/2013/texmf-dist/fonts/type1/public/amsfonts/cm/cmss12.pfb></usr/local/tex
live/2013/texmf-dist/fonts/type1/public/amsfonts/cm/cmss8.pfb></usr/local/texli
ve/2013/texmf-dist/fonts/type1/public/amsfonts/cm/cmssbx10.pfb></usr/local/texl
ive/2013/texmf-dist/fonts/type1/public/amsfonts/cm/cmssi10.pfb></usr/local/texl
ive/2013/texmf-dist/fonts/type1/public/amsfonts/cm/cmssi12.pfb></usr/local/texl
ive/2013/texmf-dist/fonts/type1/public/amsfonts/cm/cmssi8.pfb></usr/local/texli
ve/2013/texmf-dist/fonts/type1/public/amsfonts/cm/cmsy10.pfb></usr/local/texliv
e/2013/texmf-dist/fonts/type1/public/amsfonts/cm/cmsy5.pfb></usr/local/texlive/
2013/texmf-dist/fonts/type1/public/amsfonts/cm/cmsy8.pfb></usr/local/texlive/20
13/texmf-dist/fonts/type1/public/amsfonts/cm/cmti9.pfb></usr/local/texlive/2013
/texmf-dist/fonts/type1/public/amsfonts/cm/cmtt10.pfb></usr/local/texlive/2013/
texmf-dist/fonts/type1/public/amsfonts/cm/cmtt12.pfb></usr/local/texlive/2013/t
exmf-dist/fonts/type1/public/amsfonts/symbols/msam10.pfb></usr/local/texlive/20
13/texmf-dist/fonts/type1/public/amsfonts/symbols/msbm10.pfb>
Output written on Sec1_Intro.pdf (67 pages, 6657594 bytes).
PDF statistics:
 3946 PDF objects out of 4296 (max. 8388607)
 3112 compressed objects within 32 object streams
 19 named destinations out of 1000 (max. 500000)
 314 words of extra memory for PDF output out of 10000 (max. 10000000)

